<?xml version="1.0" encoding="UTF-8"?>
<testng-results ignored="0" total="14" passed="1" failed="13" skipped="0">
  <reporter-output>
  </reporter-output>
  <suite started-at="2023-02-14T20:47:30 IST" name="BDO_Web_Regression_suite" finished-at="2023-02-14T20:52:44 IST" duration-ms="314447">
    <groups>
    </groups>
    <test started-at="2023-02-14T20:47:30 IST" name="BDO_Homepage_Testcase" finished-at="2023-02-14T20:48:05 IST" duration-ms="35172">
      <class name="com.qa.BDO.Test.BDO_Home_Testcases">
        <test-method is-config="true" signature="setup()[pri:0, instance:com.qa.BDO.Test.BDO_Home_Testcases@11a82d0f]" started-at="2023-02-14T20:47:30 IST" name="setup" finished-at="2023-02-14T20:47:35 IST" duration-ms="4962" status="PASS">
          <reporter-output>
          </reporter-output>
        </test-method> <!-- setup -->
        <test-method signature="ValidateHomePageElements()[pri:0, instance:com.qa.BDO.Test.BDO_Home_Testcases@11a82d0f]" started-at="2023-02-14T20:47:35 IST" name="ValidateHomePageElements" finished-at="2023-02-14T20:48:05 IST" duration-ms="30066" status="FAIL">
          <exception class="com.microsoft.playwright.TimeoutError">
            <message>
              <![CDATA[Error {
  message='Timeout 30000ms exceeded.
=========================== logs ===========================
waiting for locator("xpath=(//div[@class='bb-stack__item identity-logo bb-block bb-block--lg'])[1]")
============================================================
  name='TimeoutError
  stack='TimeoutError: Timeout 30000ms exceeded.
=========================== logs ===========================
waiting for locator("xpath=(//div[@class='bb-stack__item identity-logo bb-block bb-block--lg'])[1]")
============================================================
    at ProgressController.run (/private/var/folders/70/x874lf6n7cx_4tkvkkcwsmhh0000gr/T/playwright-java-12462135675554687972/package/lib/server/progress.js:88:26)
    at Frame._scheduleRerunnableTask (/private/var/folders/70/x874lf6n7cx_4tkvkkcwsmhh0000gr/T/playwright-java-12462135675554687972/package/lib/server/frames.js:1282:23)
    at Frame._elementState (/private/var/folders/70/x874lf6n7cx_4tkvkkcwsmhh0000gr/T/playwright-java-12462135675554687972/package/lib/server/frames.js:1053:31)
    at Frame.isEnabled (/private/var/folders/70/x874lf6n7cx_4tkvkkcwsmhh0000gr/T/playwright-java-12462135675554687972/package/lib/server/frames.js:1089:17)
    at FrameDispatcher.isEnabled (/private/var/folders/70/x874lf6n7cx_4tkvkkcwsmhh0000gr/T/playwright-java-12462135675554687972/package/lib/server/dispatchers/frameDispatcher.js:211:32)
    at DispatcherConnection.dispatch (/private/var/folders/70/x874lf6n7cx_4tkvkkcwsmhh0000gr/T/playwright-java-12462135675554687972/package/lib/server/dispatchers/dispatcher.js:317:46)
}]]>
            </message>
            <full-stacktrace>
              <![CDATA[com.microsoft.playwright.TimeoutError: Error {
  message='Timeout 30000ms exceeded.
=========================== logs ===========================
waiting for locator("xpath=(//div[@class='bb-stack__item identity-logo bb-block bb-block--lg'])[1]")
============================================================
  name='TimeoutError
  stack='TimeoutError: Timeout 30000ms exceeded.
=========================== logs ===========================
waiting for locator("xpath=(//div[@class='bb-stack__item identity-logo bb-block bb-block--lg'])[1]")
============================================================
    at ProgressController.run (/private/var/folders/70/x874lf6n7cx_4tkvkkcwsmhh0000gr/T/playwright-java-12462135675554687972/package/lib/server/progress.js:88:26)
    at Frame._scheduleRerunnableTask (/private/var/folders/70/x874lf6n7cx_4tkvkkcwsmhh0000gr/T/playwright-java-12462135675554687972/package/lib/server/frames.js:1282:23)
    at Frame._elementState (/private/var/folders/70/x874lf6n7cx_4tkvkkcwsmhh0000gr/T/playwright-java-12462135675554687972/package/lib/server/frames.js:1053:31)
    at Frame.isEnabled (/private/var/folders/70/x874lf6n7cx_4tkvkkcwsmhh0000gr/T/playwright-java-12462135675554687972/package/lib/server/frames.js:1089:17)
    at FrameDispatcher.isEnabled (/private/var/folders/70/x874lf6n7cx_4tkvkkcwsmhh0000gr/T/playwright-java-12462135675554687972/package/lib/server/dispatchers/frameDispatcher.js:211:32)
    at DispatcherConnection.dispatch (/private/var/folders/70/x874lf6n7cx_4tkvkkcwsmhh0000gr/T/playwright-java-12462135675554687972/package/lib/server/dispatchers/dispatcher.js:317:46)
}
at com.microsoft.playwright.impl.WaitableResult.get(WaitableResult.java:52)
at com.microsoft.playwright.impl.ChannelOwner.runUntil(ChannelOwner.java:111)
at com.microsoft.playwright.impl.Connection.sendMessage(Connection.java:119)
at com.microsoft.playwright.impl.ChannelOwner.sendMessage(ChannelOwner.java:102)
at com.microsoft.playwright.impl.FrameImpl.isEnabledImpl(FrameImpl.java:605)
at com.microsoft.playwright.impl.FrameImpl.lambda$isEnabled$28(FrameImpl.java:596)
at com.microsoft.playwright.impl.LoggingSupport.withLogging(LoggingSupport.java:47)
at com.microsoft.playwright.impl.ChannelOwner.withLogging(ChannelOwner.java:87)
at com.microsoft.playwright.impl.FrameImpl.isEnabled(FrameImpl.java:596)
at com.microsoft.playwright.impl.LocatorImpl.isEnabled(LocatorImpl.java:342)
at com.microsoft.playwright.Locator.isEnabled(Locator.java:2970)
at com.qa.BDO.pages.BDO_Home.verifyLogo(BDO_Home.java:40)
at com.qa.BDO.Test.BDO_Home_Testcases.ValidateHomePageElements(BDO_Home_Testcases.java:20)
at java.base/jdk.internal.reflect.DirectMethodHandleAccessor.invoke(DirectMethodHandleAccessor.java:104)
at java.base/java.lang.reflect.Method.invoke(Method.java:578)
at org.testng.internal.invokers.MethodInvocationHelper.invokeMethod(MethodInvocationHelper.java:139)
at org.testng.internal.invokers.TestInvoker.invokeMethod(TestInvoker.java:677)
at org.testng.internal.invokers.TestInvoker.invokeTestMethod(TestInvoker.java:221)
at org.testng.internal.invokers.MethodRunner.runInSequence(MethodRunner.java:50)
at org.testng.internal.invokers.TestInvoker$MethodInvocationAgent.invoke(TestInvoker.java:962)
at org.testng.internal.invokers.TestInvoker.invokeTestMethods(TestInvoker.java:194)
at org.testng.internal.invokers.TestMethodWorker.invokeTestMethods(TestMethodWorker.java:148)
at org.testng.internal.invokers.TestMethodWorker.run(TestMethodWorker.java:128)
at java.base/java.util.ArrayList.forEach(ArrayList.java:1511)
at org.testng.TestRunner.privateRun(TestRunner.java:806)
at org.testng.TestRunner.run(TestRunner.java:601)
at org.testng.SuiteRunner.runTest(SuiteRunner.java:433)
at org.testng.SuiteRunner.runSequentially(SuiteRunner.java:427)
at org.testng.SuiteRunner.privateRun(SuiteRunner.java:387)
at org.testng.SuiteRunner.run(SuiteRunner.java:330)
at org.testng.SuiteRunnerWorker.runSuite(SuiteRunnerWorker.java:52)
at org.testng.SuiteRunnerWorker.run(SuiteRunnerWorker.java:95)
at org.testng.TestNG.runSuitesSequentially(TestNG.java:1256)
at org.testng.TestNG.runSuitesLocally(TestNG.java:1176)
at org.testng.TestNG.runSuites(TestNG.java:1099)
at org.testng.TestNG.run(TestNG.java:1067)
at org.apache.maven.surefire.testng.TestNGExecutor.run(TestNGExecutor.java:283)
at org.apache.maven.surefire.testng.TestNGXmlTestSuite.execute(TestNGXmlTestSuite.java:75)
at org.apache.maven.surefire.testng.TestNGProvider.invoke(TestNGProvider.java:120)
at org.apache.maven.surefire.booter.ForkedBooter.invokeProviderInSameClassLoader(ForkedBooter.java:386)
at org.apache.maven.surefire.booter.ForkedBooter.runSuitesInProcess(ForkedBooter.java:323)
at org.apache.maven.surefire.booter.ForkedBooter.main(ForkedBooter.java:143)
Caused by: com.microsoft.playwright.TimeoutError: Error {
  message='Timeout 30000ms exceeded.
=========================== logs ===========================
waiting for locator("xpath=(//div[@class='bb-stack__item identity-logo bb-block bb-block--lg'])[1]")
============================================================
  name='TimeoutError
  stack='TimeoutError: Timeout 30000ms exceeded.
=========================== logs ===========================
waiting for locator("xpath=(//div[@class='bb-stack__item identity-logo bb-block bb-block--lg'])[1]")
============================================================
    at ProgressController.run (/private/var/folders/70/x874lf6n7cx_4tkvkkcwsmhh0000gr/T/playwright-java-12462135675554687972/package/lib/server/progress.js:88:26)
    at Frame._scheduleRerunnableTask (/private/var/folders/70/x874lf6n7cx_4tkvkkcwsmhh0000gr/T/playwright-java-12462135675554687972/package/lib/server/frames.js:1282:23)
    at Frame._elementState (/private/var/folders/70/x874lf6n7cx_4tkvkkcwsmhh0000gr/T/playwright-java-12462135675554687972/package/lib/server/frames.js:1053:31)
    at Frame.isEnabled (/private/var/folders/70/x874lf6n7cx_4tkvkkcwsmhh0000gr/T/playwright-java-12462135675554687972/package/lib/server/frames.js:1089:17)
    at FrameDispatcher.isEnabled (/private/var/folders/70/x874lf6n7cx_4tkvkkcwsmhh0000gr/T/playwright-java-12462135675554687972/package/lib/server/dispatchers/frameDispatcher.js:211:32)
    at DispatcherConnection.dispatch (/private/var/folders/70/x874lf6n7cx_4tkvkkcwsmhh0000gr/T/playwright-java-12462135675554687972/package/lib/server/dispatchers/dispatcher.js:317:46)
}
at com.microsoft.playwright.impl.Connection.dispatch(Connection.java:199)
at com.microsoft.playwright.impl.Connection.processOneMessage(Connection.java:181)
at com.microsoft.playwright.impl.ChannelOwner.runUntil(ChannelOwner.java:109)
... 40 more
]]>
            </full-stacktrace>
          </exception> <!-- com.microsoft.playwright.TimeoutError -->
          <reporter-output>
          </reporter-output>
        </test-method> <!-- ValidateHomePageElements -->
        <test-method is-config="true" signature="tearDown()[pri:0, instance:com.qa.BDO.Test.BDO_Home_Testcases@11a82d0f]" started-at="2023-02-14T20:48:05 IST" name="tearDown" finished-at="2023-02-14T20:48:05 IST" duration-ms="23" status="PASS">
          <reporter-output>
          </reporter-output>
        </test-method> <!-- tearDown -->
      </class> <!-- com.qa.BDO.Test.BDO_Home_Testcases -->
    </test> <!-- BDO_Homepage_Testcase -->
    <test started-at="2023-02-14T20:48:05 IST" name="BDO_Login_Testcase" finished-at="2023-02-14T20:51:37 IST" duration-ms="212345">
      <class name="com.qa.BDO.Test.BDO_Login_Testcases">
        <test-method is-config="true" signature="setup()[pri:0, instance:com.qa.BDO.Test.BDO_Login_Testcases@111610e6]" started-at="2023-02-14T20:48:05 IST" name="setup" finished-at="2023-02-14T20:48:07 IST" duration-ms="2226" status="PASS">
          <reporter-output>
          </reporter-output>
        </test-method> <!-- setup -->
        <test-method signature="VerifyLoginCredentials(java.lang.String,java.lang.String,java.lang.String)[pri:0, instance:com.qa.BDO.Test.BDO_Login_Testcases@111610e6]" started-at="2023-02-14T20:48:07 IST" name="VerifyLoginCredentials" data-provider="credentials" finished-at="2023-02-14T20:48:37 IST" duration-ms="30007" status="FAIL">
          <params>
            <param index="0">
              <value>
                <![CDATA[EmptyUsername]]>
              </value>
            </param>
            <param index="1">
              <value>
                <![CDATA[]]>
              </value>
            </param>
            <param index="2">
              <value>
                <![CDATA[Password@0007]]>
              </value>
            </param>
          </params>
          <exception class="com.microsoft.playwright.TimeoutError">
            <message>
              <![CDATA[Error {
  message='Timeout 30000ms exceeded.
=========================== logs ===========================
waiting for locator("input#username")
============================================================
  name='TimeoutError
  stack='TimeoutError: Timeout 30000ms exceeded.
=========================== logs ===========================
waiting for locator("input#username")
============================================================
    at ProgressController.run (/private/var/folders/70/x874lf6n7cx_4tkvkkcwsmhh0000gr/T/playwright-java-12462135675554687972/package/lib/server/progress.js:88:26)
    at Frame.fill (/private/var/folders/70/x874lf6n7cx_4tkvkkcwsmhh0000gr/T/playwright-java-12462135675554687972/package/lib/server/frames.js:988:23)
    at FrameDispatcher.fill (/private/var/folders/70/x874lf6n7cx_4tkvkkcwsmhh0000gr/T/playwright-java-12462135675554687972/package/lib/server/dispatchers/frameDispatcher.js:158:30)
    at DispatcherConnection.dispatch (/private/var/folders/70/x874lf6n7cx_4tkvkkcwsmhh0000gr/T/playwright-java-12462135675554687972/package/lib/server/dispatchers/dispatcher.js:317:46)
}]]>
            </message>
            <full-stacktrace>
              <![CDATA[com.microsoft.playwright.TimeoutError: Error {
  message='Timeout 30000ms exceeded.
=========================== logs ===========================
waiting for locator("input#username")
============================================================
  name='TimeoutError
  stack='TimeoutError: Timeout 30000ms exceeded.
=========================== logs ===========================
waiting for locator("input#username")
============================================================
    at ProgressController.run (/private/var/folders/70/x874lf6n7cx_4tkvkkcwsmhh0000gr/T/playwright-java-12462135675554687972/package/lib/server/progress.js:88:26)
    at Frame.fill (/private/var/folders/70/x874lf6n7cx_4tkvkkcwsmhh0000gr/T/playwright-java-12462135675554687972/package/lib/server/frames.js:988:23)
    at FrameDispatcher.fill (/private/var/folders/70/x874lf6n7cx_4tkvkkcwsmhh0000gr/T/playwright-java-12462135675554687972/package/lib/server/dispatchers/frameDispatcher.js:158:30)
    at DispatcherConnection.dispatch (/private/var/folders/70/x874lf6n7cx_4tkvkkcwsmhh0000gr/T/playwright-java-12462135675554687972/package/lib/server/dispatchers/dispatcher.js:317:46)
}
at com.microsoft.playwright.impl.WaitableResult.get(WaitableResult.java:52)
at com.microsoft.playwright.impl.ChannelOwner.runUntil(ChannelOwner.java:111)
at com.microsoft.playwright.impl.Connection.sendMessage(Connection.java:119)
at com.microsoft.playwright.impl.ChannelOwner.sendMessage(ChannelOwner.java:102)
at com.microsoft.playwright.impl.FrameImpl.fillImpl(FrameImpl.java:339)
at com.microsoft.playwright.impl.FrameImpl.lambda$fill$15(FrameImpl.java:329)
at com.microsoft.playwright.impl.LoggingSupport.lambda$withLogging$0(LoggingSupport.java:36)
at com.microsoft.playwright.impl.LoggingSupport.withLogging(LoggingSupport.java:47)
at com.microsoft.playwright.impl.ChannelOwner.withLogging(ChannelOwner.java:87)
at com.microsoft.playwright.impl.LoggingSupport.withLogging(LoggingSupport.java:35)
at com.microsoft.playwright.impl.FrameImpl.fill(FrameImpl.java:329)
at com.microsoft.playwright.impl.LocatorImpl.fill(LocatorImpl.java:182)
at com.microsoft.playwright.Locator.fill(Locator.java:2473)
at com.qa.BDO.pages.BDO_Login.logintoApp(BDO_Login.java:27)
at com.qa.BDO.Test.BDO_Login_Testcases.VerifyLoginCredentials(BDO_Login_Testcases.java:34)
at java.base/jdk.internal.reflect.DirectMethodHandleAccessor.invoke(DirectMethodHandleAccessor.java:104)
at java.base/java.lang.reflect.Method.invoke(Method.java:578)
at org.testng.internal.invokers.MethodInvocationHelper.invokeMethod(MethodInvocationHelper.java:139)
at org.testng.internal.invokers.TestInvoker.invokeMethod(TestInvoker.java:677)
at org.testng.internal.invokers.TestInvoker.invokeTestMethod(TestInvoker.java:221)
at org.testng.internal.invokers.MethodRunner.runInSequence(MethodRunner.java:50)
at org.testng.internal.invokers.TestInvoker$MethodInvocationAgent.invoke(TestInvoker.java:962)
at org.testng.internal.invokers.TestInvoker.invokeTestMethods(TestInvoker.java:194)
at org.testng.internal.invokers.TestMethodWorker.invokeTestMethods(TestMethodWorker.java:148)
at org.testng.internal.invokers.TestMethodWorker.run(TestMethodWorker.java:128)
at java.base/java.util.ArrayList.forEach(ArrayList.java:1511)
at org.testng.TestRunner.privateRun(TestRunner.java:806)
at org.testng.TestRunner.run(TestRunner.java:601)
at org.testng.SuiteRunner.runTest(SuiteRunner.java:433)
at org.testng.SuiteRunner.runSequentially(SuiteRunner.java:427)
at org.testng.SuiteRunner.privateRun(SuiteRunner.java:387)
at org.testng.SuiteRunner.run(SuiteRunner.java:330)
at org.testng.SuiteRunnerWorker.runSuite(SuiteRunnerWorker.java:52)
at org.testng.SuiteRunnerWorker.run(SuiteRunnerWorker.java:95)
at org.testng.TestNG.runSuitesSequentially(TestNG.java:1256)
at org.testng.TestNG.runSuitesLocally(TestNG.java:1176)
at org.testng.TestNG.runSuites(TestNG.java:1099)
at org.testng.TestNG.run(TestNG.java:1067)
at org.apache.maven.surefire.testng.TestNGExecutor.run(TestNGExecutor.java:283)
at org.apache.maven.surefire.testng.TestNGXmlTestSuite.execute(TestNGXmlTestSuite.java:75)
at org.apache.maven.surefire.testng.TestNGProvider.invoke(TestNGProvider.java:120)
at org.apache.maven.surefire.booter.ForkedBooter.invokeProviderInSameClassLoader(ForkedBooter.java:386)
at org.apache.maven.surefire.booter.ForkedBooter.runSuitesInProcess(ForkedBooter.java:323)
at org.apache.maven.surefire.booter.ForkedBooter.main(ForkedBooter.java:143)
Caused by: com.microsoft.playwright.TimeoutError: Error {
  message='Timeout 30000ms exceeded.
=========================== logs ===========================
waiting for locator("input#username")
============================================================
  name='TimeoutError
  stack='TimeoutError: Timeout 30000ms exceeded.
=========================== logs ===========================
waiting for locator("input#username")
============================================================
    at ProgressController.run (/private/var/folders/70/x874lf6n7cx_4tkvkkcwsmhh0000gr/T/playwright-java-12462135675554687972/package/lib/server/progress.js:88:26)
    at Frame.fill (/private/var/folders/70/x874lf6n7cx_4tkvkkcwsmhh0000gr/T/playwright-java-12462135675554687972/package/lib/server/frames.js:988:23)
    at FrameDispatcher.fill (/private/var/folders/70/x874lf6n7cx_4tkvkkcwsmhh0000gr/T/playwright-java-12462135675554687972/package/lib/server/dispatchers/frameDispatcher.js:158:30)
    at DispatcherConnection.dispatch (/private/var/folders/70/x874lf6n7cx_4tkvkkcwsmhh0000gr/T/playwright-java-12462135675554687972/package/lib/server/dispatchers/dispatcher.js:317:46)
}
at com.microsoft.playwright.impl.Connection.dispatch(Connection.java:199)
at com.microsoft.playwright.impl.Connection.processOneMessage(Connection.java:181)
at com.microsoft.playwright.impl.ChannelOwner.runUntil(ChannelOwner.java:109)
... 42 more
]]>
            </full-stacktrace>
          </exception> <!-- com.microsoft.playwright.TimeoutError -->
          <reporter-output>
          </reporter-output>
        </test-method> <!-- VerifyLoginCredentials -->
        <test-method signature="VerifyLoginCredentials(java.lang.String,java.lang.String,java.lang.String)[pri:0, instance:com.qa.BDO.Test.BDO_Login_Testcases@111610e6]" started-at="2023-02-14T20:48:37 IST" name="VerifyLoginCredentials" data-provider="credentials" finished-at="2023-02-14T20:49:07 IST" duration-ms="30007" status="FAIL">
          <params>
            <param index="0">
              <value>
                <![CDATA[PasswordEmpty]]>
              </value>
            </param>
            <param index="1">
              <value>
                <![CDATA[BBNDB001]]>
              </value>
            </param>
            <param index="2">
              <value>
                <![CDATA[]]>
              </value>
            </param>
          </params>
          <exception class="com.microsoft.playwright.TimeoutError">
            <message>
              <![CDATA[Error {
  message='Timeout 30000ms exceeded.
=========================== logs ===========================
waiting for locator("input#username")
============================================================
  name='TimeoutError
  stack='TimeoutError: Timeout 30000ms exceeded.
=========================== logs ===========================
waiting for locator("input#username")
============================================================
    at ProgressController.run (/private/var/folders/70/x874lf6n7cx_4tkvkkcwsmhh0000gr/T/playwright-java-12462135675554687972/package/lib/server/progress.js:88:26)
    at Frame.fill (/private/var/folders/70/x874lf6n7cx_4tkvkkcwsmhh0000gr/T/playwright-java-12462135675554687972/package/lib/server/frames.js:988:23)
    at FrameDispatcher.fill (/private/var/folders/70/x874lf6n7cx_4tkvkkcwsmhh0000gr/T/playwright-java-12462135675554687972/package/lib/server/dispatchers/frameDispatcher.js:158:30)
    at DispatcherConnection.dispatch (/private/var/folders/70/x874lf6n7cx_4tkvkkcwsmhh0000gr/T/playwright-java-12462135675554687972/package/lib/server/dispatchers/dispatcher.js:317:46)
}]]>
            </message>
            <full-stacktrace>
              <![CDATA[com.microsoft.playwright.TimeoutError: Error {
  message='Timeout 30000ms exceeded.
=========================== logs ===========================
waiting for locator("input#username")
============================================================
  name='TimeoutError
  stack='TimeoutError: Timeout 30000ms exceeded.
=========================== logs ===========================
waiting for locator("input#username")
============================================================
    at ProgressController.run (/private/var/folders/70/x874lf6n7cx_4tkvkkcwsmhh0000gr/T/playwright-java-12462135675554687972/package/lib/server/progress.js:88:26)
    at Frame.fill (/private/var/folders/70/x874lf6n7cx_4tkvkkcwsmhh0000gr/T/playwright-java-12462135675554687972/package/lib/server/frames.js:988:23)
    at FrameDispatcher.fill (/private/var/folders/70/x874lf6n7cx_4tkvkkcwsmhh0000gr/T/playwright-java-12462135675554687972/package/lib/server/dispatchers/frameDispatcher.js:158:30)
    at DispatcherConnection.dispatch (/private/var/folders/70/x874lf6n7cx_4tkvkkcwsmhh0000gr/T/playwright-java-12462135675554687972/package/lib/server/dispatchers/dispatcher.js:317:46)
}
at com.microsoft.playwright.impl.WaitableResult.get(WaitableResult.java:52)
at com.microsoft.playwright.impl.ChannelOwner.runUntil(ChannelOwner.java:111)
at com.microsoft.playwright.impl.Connection.sendMessage(Connection.java:119)
at com.microsoft.playwright.impl.ChannelOwner.sendMessage(ChannelOwner.java:102)
at com.microsoft.playwright.impl.FrameImpl.fillImpl(FrameImpl.java:339)
at com.microsoft.playwright.impl.FrameImpl.lambda$fill$15(FrameImpl.java:329)
at com.microsoft.playwright.impl.LoggingSupport.lambda$withLogging$0(LoggingSupport.java:36)
at com.microsoft.playwright.impl.LoggingSupport.withLogging(LoggingSupport.java:47)
at com.microsoft.playwright.impl.ChannelOwner.withLogging(ChannelOwner.java:87)
at com.microsoft.playwright.impl.LoggingSupport.withLogging(LoggingSupport.java:35)
at com.microsoft.playwright.impl.FrameImpl.fill(FrameImpl.java:329)
at com.microsoft.playwright.impl.LocatorImpl.fill(LocatorImpl.java:182)
at com.microsoft.playwright.Locator.fill(Locator.java:2473)
at com.qa.BDO.pages.BDO_Login.logintoApp(BDO_Login.java:27)
at com.qa.BDO.Test.BDO_Login_Testcases.VerifyLoginCredentials(BDO_Login_Testcases.java:34)
at java.base/jdk.internal.reflect.DirectMethodHandleAccessor.invoke(DirectMethodHandleAccessor.java:104)
at java.base/java.lang.reflect.Method.invoke(Method.java:578)
at org.testng.internal.invokers.MethodInvocationHelper.invokeMethod(MethodInvocationHelper.java:139)
at org.testng.internal.invokers.TestInvoker.invokeMethod(TestInvoker.java:677)
at org.testng.internal.invokers.TestInvoker.invokeTestMethod(TestInvoker.java:221)
at org.testng.internal.invokers.MethodRunner.runInSequence(MethodRunner.java:50)
at org.testng.internal.invokers.TestInvoker$MethodInvocationAgent.invoke(TestInvoker.java:962)
at org.testng.internal.invokers.TestInvoker.invokeTestMethods(TestInvoker.java:194)
at org.testng.internal.invokers.TestMethodWorker.invokeTestMethods(TestMethodWorker.java:148)
at org.testng.internal.invokers.TestMethodWorker.run(TestMethodWorker.java:128)
at java.base/java.util.ArrayList.forEach(ArrayList.java:1511)
at org.testng.TestRunner.privateRun(TestRunner.java:806)
at org.testng.TestRunner.run(TestRunner.java:601)
at org.testng.SuiteRunner.runTest(SuiteRunner.java:433)
at org.testng.SuiteRunner.runSequentially(SuiteRunner.java:427)
at org.testng.SuiteRunner.privateRun(SuiteRunner.java:387)
at org.testng.SuiteRunner.run(SuiteRunner.java:330)
at org.testng.SuiteRunnerWorker.runSuite(SuiteRunnerWorker.java:52)
at org.testng.SuiteRunnerWorker.run(SuiteRunnerWorker.java:95)
at org.testng.TestNG.runSuitesSequentially(TestNG.java:1256)
at org.testng.TestNG.runSuitesLocally(TestNG.java:1176)
at org.testng.TestNG.runSuites(TestNG.java:1099)
at org.testng.TestNG.run(TestNG.java:1067)
at org.apache.maven.surefire.testng.TestNGExecutor.run(TestNGExecutor.java:283)
at org.apache.maven.surefire.testng.TestNGXmlTestSuite.execute(TestNGXmlTestSuite.java:75)
at org.apache.maven.surefire.testng.TestNGProvider.invoke(TestNGProvider.java:120)
at org.apache.maven.surefire.booter.ForkedBooter.invokeProviderInSameClassLoader(ForkedBooter.java:386)
at org.apache.maven.surefire.booter.ForkedBooter.runSuitesInProcess(ForkedBooter.java:323)
at org.apache.maven.surefire.booter.ForkedBooter.main(ForkedBooter.java:143)
Caused by: com.microsoft.playwright.TimeoutError: Error {
  message='Timeout 30000ms exceeded.
=========================== logs ===========================
waiting for locator("input#username")
============================================================
  name='TimeoutError
  stack='TimeoutError: Timeout 30000ms exceeded.
=========================== logs ===========================
waiting for locator("input#username")
============================================================
    at ProgressController.run (/private/var/folders/70/x874lf6n7cx_4tkvkkcwsmhh0000gr/T/playwright-java-12462135675554687972/package/lib/server/progress.js:88:26)
    at Frame.fill (/private/var/folders/70/x874lf6n7cx_4tkvkkcwsmhh0000gr/T/playwright-java-12462135675554687972/package/lib/server/frames.js:988:23)
    at FrameDispatcher.fill (/private/var/folders/70/x874lf6n7cx_4tkvkkcwsmhh0000gr/T/playwright-java-12462135675554687972/package/lib/server/dispatchers/frameDispatcher.js:158:30)
    at DispatcherConnection.dispatch (/private/var/folders/70/x874lf6n7cx_4tkvkkcwsmhh0000gr/T/playwright-java-12462135675554687972/package/lib/server/dispatchers/dispatcher.js:317:46)
}
at com.microsoft.playwright.impl.Connection.dispatch(Connection.java:199)
at com.microsoft.playwright.impl.Connection.processOneMessage(Connection.java:181)
at com.microsoft.playwright.impl.ChannelOwner.runUntil(ChannelOwner.java:109)
... 42 more
]]>
            </full-stacktrace>
          </exception> <!-- com.microsoft.playwright.TimeoutError -->
          <reporter-output>
          </reporter-output>
        </test-method> <!-- VerifyLoginCredentials -->
        <test-method signature="VerifyLoginCredentials(java.lang.String,java.lang.String,java.lang.String)[pri:0, instance:com.qa.BDO.Test.BDO_Login_Testcases@111610e6]" started-at="2023-02-14T20:49:07 IST" name="VerifyLoginCredentials" data-provider="credentials" finished-at="2023-02-14T20:49:37 IST" duration-ms="30006" status="FAIL">
          <params>
            <param index="0">
              <value>
                <![CDATA[BothCredentialEmpty]]>
              </value>
            </param>
            <param index="1">
              <value>
                <![CDATA[]]>
              </value>
            </param>
            <param index="2">
              <value>
                <![CDATA[]]>
              </value>
            </param>
          </params>
          <exception class="com.microsoft.playwright.TimeoutError">
            <message>
              <![CDATA[Error {
  message='Timeout 30000ms exceeded.
=========================== logs ===========================
waiting for locator("input#username")
============================================================
  name='TimeoutError
  stack='TimeoutError: Timeout 30000ms exceeded.
=========================== logs ===========================
waiting for locator("input#username")
============================================================
    at ProgressController.run (/private/var/folders/70/x874lf6n7cx_4tkvkkcwsmhh0000gr/T/playwright-java-12462135675554687972/package/lib/server/progress.js:88:26)
    at Frame.fill (/private/var/folders/70/x874lf6n7cx_4tkvkkcwsmhh0000gr/T/playwright-java-12462135675554687972/package/lib/server/frames.js:988:23)
    at FrameDispatcher.fill (/private/var/folders/70/x874lf6n7cx_4tkvkkcwsmhh0000gr/T/playwright-java-12462135675554687972/package/lib/server/dispatchers/frameDispatcher.js:158:30)
    at DispatcherConnection.dispatch (/private/var/folders/70/x874lf6n7cx_4tkvkkcwsmhh0000gr/T/playwright-java-12462135675554687972/package/lib/server/dispatchers/dispatcher.js:317:46)
}]]>
            </message>
            <full-stacktrace>
              <![CDATA[com.microsoft.playwright.TimeoutError: Error {
  message='Timeout 30000ms exceeded.
=========================== logs ===========================
waiting for locator("input#username")
============================================================
  name='TimeoutError
  stack='TimeoutError: Timeout 30000ms exceeded.
=========================== logs ===========================
waiting for locator("input#username")
============================================================
    at ProgressController.run (/private/var/folders/70/x874lf6n7cx_4tkvkkcwsmhh0000gr/T/playwright-java-12462135675554687972/package/lib/server/progress.js:88:26)
    at Frame.fill (/private/var/folders/70/x874lf6n7cx_4tkvkkcwsmhh0000gr/T/playwright-java-12462135675554687972/package/lib/server/frames.js:988:23)
    at FrameDispatcher.fill (/private/var/folders/70/x874lf6n7cx_4tkvkkcwsmhh0000gr/T/playwright-java-12462135675554687972/package/lib/server/dispatchers/frameDispatcher.js:158:30)
    at DispatcherConnection.dispatch (/private/var/folders/70/x874lf6n7cx_4tkvkkcwsmhh0000gr/T/playwright-java-12462135675554687972/package/lib/server/dispatchers/dispatcher.js:317:46)
}
at com.microsoft.playwright.impl.WaitableResult.get(WaitableResult.java:52)
at com.microsoft.playwright.impl.ChannelOwner.runUntil(ChannelOwner.java:111)
at com.microsoft.playwright.impl.Connection.sendMessage(Connection.java:119)
at com.microsoft.playwright.impl.ChannelOwner.sendMessage(ChannelOwner.java:102)
at com.microsoft.playwright.impl.FrameImpl.fillImpl(FrameImpl.java:339)
at com.microsoft.playwright.impl.FrameImpl.lambda$fill$15(FrameImpl.java:329)
at com.microsoft.playwright.impl.LoggingSupport.lambda$withLogging$0(LoggingSupport.java:36)
at com.microsoft.playwright.impl.LoggingSupport.withLogging(LoggingSupport.java:47)
at com.microsoft.playwright.impl.ChannelOwner.withLogging(ChannelOwner.java:87)
at com.microsoft.playwright.impl.LoggingSupport.withLogging(LoggingSupport.java:35)
at com.microsoft.playwright.impl.FrameImpl.fill(FrameImpl.java:329)
at com.microsoft.playwright.impl.LocatorImpl.fill(LocatorImpl.java:182)
at com.microsoft.playwright.Locator.fill(Locator.java:2473)
at com.qa.BDO.pages.BDO_Login.logintoApp(BDO_Login.java:27)
at com.qa.BDO.Test.BDO_Login_Testcases.VerifyLoginCredentials(BDO_Login_Testcases.java:34)
at java.base/jdk.internal.reflect.DirectMethodHandleAccessor.invoke(DirectMethodHandleAccessor.java:104)
at java.base/java.lang.reflect.Method.invoke(Method.java:578)
at org.testng.internal.invokers.MethodInvocationHelper.invokeMethod(MethodInvocationHelper.java:139)
at org.testng.internal.invokers.TestInvoker.invokeMethod(TestInvoker.java:677)
at org.testng.internal.invokers.TestInvoker.invokeTestMethod(TestInvoker.java:221)
at org.testng.internal.invokers.MethodRunner.runInSequence(MethodRunner.java:50)
at org.testng.internal.invokers.TestInvoker$MethodInvocationAgent.invoke(TestInvoker.java:962)
at org.testng.internal.invokers.TestInvoker.invokeTestMethods(TestInvoker.java:194)
at org.testng.internal.invokers.TestMethodWorker.invokeTestMethods(TestMethodWorker.java:148)
at org.testng.internal.invokers.TestMethodWorker.run(TestMethodWorker.java:128)
at java.base/java.util.ArrayList.forEach(ArrayList.java:1511)
at org.testng.TestRunner.privateRun(TestRunner.java:806)
at org.testng.TestRunner.run(TestRunner.java:601)
at org.testng.SuiteRunner.runTest(SuiteRunner.java:433)
at org.testng.SuiteRunner.runSequentially(SuiteRunner.java:427)
at org.testng.SuiteRunner.privateRun(SuiteRunner.java:387)
at org.testng.SuiteRunner.run(SuiteRunner.java:330)
at org.testng.SuiteRunnerWorker.runSuite(SuiteRunnerWorker.java:52)
at org.testng.SuiteRunnerWorker.run(SuiteRunnerWorker.java:95)
at org.testng.TestNG.runSuitesSequentially(TestNG.java:1256)
at org.testng.TestNG.runSuitesLocally(TestNG.java:1176)
at org.testng.TestNG.runSuites(TestNG.java:1099)
at org.testng.TestNG.run(TestNG.java:1067)
at org.apache.maven.surefire.testng.TestNGExecutor.run(TestNGExecutor.java:283)
at org.apache.maven.surefire.testng.TestNGXmlTestSuite.execute(TestNGXmlTestSuite.java:75)
at org.apache.maven.surefire.testng.TestNGProvider.invoke(TestNGProvider.java:120)
at org.apache.maven.surefire.booter.ForkedBooter.invokeProviderInSameClassLoader(ForkedBooter.java:386)
at org.apache.maven.surefire.booter.ForkedBooter.runSuitesInProcess(ForkedBooter.java:323)
at org.apache.maven.surefire.booter.ForkedBooter.main(ForkedBooter.java:143)
Caused by: com.microsoft.playwright.TimeoutError: Error {
  message='Timeout 30000ms exceeded.
=========================== logs ===========================
waiting for locator("input#username")
============================================================
  name='TimeoutError
  stack='TimeoutError: Timeout 30000ms exceeded.
=========================== logs ===========================
waiting for locator("input#username")
============================================================
    at ProgressController.run (/private/var/folders/70/x874lf6n7cx_4tkvkkcwsmhh0000gr/T/playwright-java-12462135675554687972/package/lib/server/progress.js:88:26)
    at Frame.fill (/private/var/folders/70/x874lf6n7cx_4tkvkkcwsmhh0000gr/T/playwright-java-12462135675554687972/package/lib/server/frames.js:988:23)
    at FrameDispatcher.fill (/private/var/folders/70/x874lf6n7cx_4tkvkkcwsmhh0000gr/T/playwright-java-12462135675554687972/package/lib/server/dispatchers/frameDispatcher.js:158:30)
    at DispatcherConnection.dispatch (/private/var/folders/70/x874lf6n7cx_4tkvkkcwsmhh0000gr/T/playwright-java-12462135675554687972/package/lib/server/dispatchers/dispatcher.js:317:46)
}
at com.microsoft.playwright.impl.Connection.dispatch(Connection.java:199)
at com.microsoft.playwright.impl.Connection.processOneMessage(Connection.java:181)
at com.microsoft.playwright.impl.ChannelOwner.runUntil(ChannelOwner.java:109)
... 42 more
]]>
            </full-stacktrace>
          </exception> <!-- com.microsoft.playwright.TimeoutError -->
          <reporter-output>
          </reporter-output>
        </test-method> <!-- VerifyLoginCredentials -->
        <test-method signature="VerifyLoginCredentials(java.lang.String,java.lang.String,java.lang.String)[pri:0, instance:com.qa.BDO.Test.BDO_Login_Testcases@111610e6]" started-at="2023-02-14T20:49:37 IST" name="VerifyLoginCredentials" data-provider="credentials" finished-at="2023-02-14T20:50:07 IST" duration-ms="30007" status="FAIL">
          <params>
            <param index="0">
              <value>
                <![CDATA[InvalidUsernameandPassword]]>
              </value>
            </param>
            <param index="1">
              <value>
                <![CDATA[BBNDB0010]]>
              </value>
            </param>
            <param index="2">
              <value>
                <![CDATA[Password@0007]]>
              </value>
            </param>
          </params>
          <exception class="com.microsoft.playwright.TimeoutError">
            <message>
              <![CDATA[Error {
  message='Timeout 30000ms exceeded.
=========================== logs ===========================
waiting for locator("input#username")
============================================================
  name='TimeoutError
  stack='TimeoutError: Timeout 30000ms exceeded.
=========================== logs ===========================
waiting for locator("input#username")
============================================================
    at ProgressController.run (/private/var/folders/70/x874lf6n7cx_4tkvkkcwsmhh0000gr/T/playwright-java-12462135675554687972/package/lib/server/progress.js:88:26)
    at Frame.fill (/private/var/folders/70/x874lf6n7cx_4tkvkkcwsmhh0000gr/T/playwright-java-12462135675554687972/package/lib/server/frames.js:988:23)
    at FrameDispatcher.fill (/private/var/folders/70/x874lf6n7cx_4tkvkkcwsmhh0000gr/T/playwright-java-12462135675554687972/package/lib/server/dispatchers/frameDispatcher.js:158:30)
    at DispatcherConnection.dispatch (/private/var/folders/70/x874lf6n7cx_4tkvkkcwsmhh0000gr/T/playwright-java-12462135675554687972/package/lib/server/dispatchers/dispatcher.js:317:46)
}]]>
            </message>
            <full-stacktrace>
              <![CDATA[com.microsoft.playwright.TimeoutError: Error {
  message='Timeout 30000ms exceeded.
=========================== logs ===========================
waiting for locator("input#username")
============================================================
  name='TimeoutError
  stack='TimeoutError: Timeout 30000ms exceeded.
=========================== logs ===========================
waiting for locator("input#username")
============================================================
    at ProgressController.run (/private/var/folders/70/x874lf6n7cx_4tkvkkcwsmhh0000gr/T/playwright-java-12462135675554687972/package/lib/server/progress.js:88:26)
    at Frame.fill (/private/var/folders/70/x874lf6n7cx_4tkvkkcwsmhh0000gr/T/playwright-java-12462135675554687972/package/lib/server/frames.js:988:23)
    at FrameDispatcher.fill (/private/var/folders/70/x874lf6n7cx_4tkvkkcwsmhh0000gr/T/playwright-java-12462135675554687972/package/lib/server/dispatchers/frameDispatcher.js:158:30)
    at DispatcherConnection.dispatch (/private/var/folders/70/x874lf6n7cx_4tkvkkcwsmhh0000gr/T/playwright-java-12462135675554687972/package/lib/server/dispatchers/dispatcher.js:317:46)
}
at com.microsoft.playwright.impl.WaitableResult.get(WaitableResult.java:52)
at com.microsoft.playwright.impl.ChannelOwner.runUntil(ChannelOwner.java:111)
at com.microsoft.playwright.impl.Connection.sendMessage(Connection.java:119)
at com.microsoft.playwright.impl.ChannelOwner.sendMessage(ChannelOwner.java:102)
at com.microsoft.playwright.impl.FrameImpl.fillImpl(FrameImpl.java:339)
at com.microsoft.playwright.impl.FrameImpl.lambda$fill$15(FrameImpl.java:329)
at com.microsoft.playwright.impl.LoggingSupport.lambda$withLogging$0(LoggingSupport.java:36)
at com.microsoft.playwright.impl.LoggingSupport.withLogging(LoggingSupport.java:47)
at com.microsoft.playwright.impl.ChannelOwner.withLogging(ChannelOwner.java:87)
at com.microsoft.playwright.impl.LoggingSupport.withLogging(LoggingSupport.java:35)
at com.microsoft.playwright.impl.FrameImpl.fill(FrameImpl.java:329)
at com.microsoft.playwright.impl.LocatorImpl.fill(LocatorImpl.java:182)
at com.microsoft.playwright.Locator.fill(Locator.java:2473)
at com.qa.BDO.pages.BDO_Login.logintoApp(BDO_Login.java:27)
at com.qa.BDO.Test.BDO_Login_Testcases.VerifyLoginCredentials(BDO_Login_Testcases.java:34)
at java.base/jdk.internal.reflect.DirectMethodHandleAccessor.invoke(DirectMethodHandleAccessor.java:104)
at java.base/java.lang.reflect.Method.invoke(Method.java:578)
at org.testng.internal.invokers.MethodInvocationHelper.invokeMethod(MethodInvocationHelper.java:139)
at org.testng.internal.invokers.TestInvoker.invokeMethod(TestInvoker.java:677)
at org.testng.internal.invokers.TestInvoker.invokeTestMethod(TestInvoker.java:221)
at org.testng.internal.invokers.MethodRunner.runInSequence(MethodRunner.java:50)
at org.testng.internal.invokers.TestInvoker$MethodInvocationAgent.invoke(TestInvoker.java:962)
at org.testng.internal.invokers.TestInvoker.invokeTestMethods(TestInvoker.java:194)
at org.testng.internal.invokers.TestMethodWorker.invokeTestMethods(TestMethodWorker.java:148)
at org.testng.internal.invokers.TestMethodWorker.run(TestMethodWorker.java:128)
at java.base/java.util.ArrayList.forEach(ArrayList.java:1511)
at org.testng.TestRunner.privateRun(TestRunner.java:806)
at org.testng.TestRunner.run(TestRunner.java:601)
at org.testng.SuiteRunner.runTest(SuiteRunner.java:433)
at org.testng.SuiteRunner.runSequentially(SuiteRunner.java:427)
at org.testng.SuiteRunner.privateRun(SuiteRunner.java:387)
at org.testng.SuiteRunner.run(SuiteRunner.java:330)
at org.testng.SuiteRunnerWorker.runSuite(SuiteRunnerWorker.java:52)
at org.testng.SuiteRunnerWorker.run(SuiteRunnerWorker.java:95)
at org.testng.TestNG.runSuitesSequentially(TestNG.java:1256)
at org.testng.TestNG.runSuitesLocally(TestNG.java:1176)
at org.testng.TestNG.runSuites(TestNG.java:1099)
at org.testng.TestNG.run(TestNG.java:1067)
at org.apache.maven.surefire.testng.TestNGExecutor.run(TestNGExecutor.java:283)
at org.apache.maven.surefire.testng.TestNGXmlTestSuite.execute(TestNGXmlTestSuite.java:75)
at org.apache.maven.surefire.testng.TestNGProvider.invoke(TestNGProvider.java:120)
at org.apache.maven.surefire.booter.ForkedBooter.invokeProviderInSameClassLoader(ForkedBooter.java:386)
at org.apache.maven.surefire.booter.ForkedBooter.runSuitesInProcess(ForkedBooter.java:323)
at org.apache.maven.surefire.booter.ForkedBooter.main(ForkedBooter.java:143)
Caused by: com.microsoft.playwright.TimeoutError: Error {
  message='Timeout 30000ms exceeded.
=========================== logs ===========================
waiting for locator("input#username")
============================================================
  name='TimeoutError
  stack='TimeoutError: Timeout 30000ms exceeded.
=========================== logs ===========================
waiting for locator("input#username")
============================================================
    at ProgressController.run (/private/var/folders/70/x874lf6n7cx_4tkvkkcwsmhh0000gr/T/playwright-java-12462135675554687972/package/lib/server/progress.js:88:26)
    at Frame.fill (/private/var/folders/70/x874lf6n7cx_4tkvkkcwsmhh0000gr/T/playwright-java-12462135675554687972/package/lib/server/frames.js:988:23)
    at FrameDispatcher.fill (/private/var/folders/70/x874lf6n7cx_4tkvkkcwsmhh0000gr/T/playwright-java-12462135675554687972/package/lib/server/dispatchers/frameDispatcher.js:158:30)
    at DispatcherConnection.dispatch (/private/var/folders/70/x874lf6n7cx_4tkvkkcwsmhh0000gr/T/playwright-java-12462135675554687972/package/lib/server/dispatchers/dispatcher.js:317:46)
}
at com.microsoft.playwright.impl.Connection.dispatch(Connection.java:199)
at com.microsoft.playwright.impl.Connection.processOneMessage(Connection.java:181)
at com.microsoft.playwright.impl.ChannelOwner.runUntil(ChannelOwner.java:109)
... 42 more
]]>
            </full-stacktrace>
          </exception> <!-- com.microsoft.playwright.TimeoutError -->
          <reporter-output>
          </reporter-output>
        </test-method> <!-- VerifyLoginCredentials -->
        <test-method signature="VerifyLoginCredentials(java.lang.String,java.lang.String,java.lang.String)[pri:0, instance:com.qa.BDO.Test.BDO_Login_Testcases@111610e6]" started-at="2023-02-14T20:50:07 IST" name="VerifyLoginCredentials" data-provider="credentials" finished-at="2023-02-14T20:50:37 IST" duration-ms="30007" status="FAIL">
          <params>
            <param index="0">
              <value>
                <![CDATA[InvalidPassword]]>
              </value>
            </param>
            <param index="1">
              <value>
                <![CDATA[BBNDB001]]>
              </value>
            </param>
            <param index="2">
              <value>
                <![CDATA[Test@20]]>
              </value>
            </param>
          </params>
          <exception class="com.microsoft.playwright.TimeoutError">
            <message>
              <![CDATA[Error {
  message='Timeout 30000ms exceeded.
=========================== logs ===========================
waiting for locator("input#username")
============================================================
  name='TimeoutError
  stack='TimeoutError: Timeout 30000ms exceeded.
=========================== logs ===========================
waiting for locator("input#username")
============================================================
    at ProgressController.run (/private/var/folders/70/x874lf6n7cx_4tkvkkcwsmhh0000gr/T/playwright-java-12462135675554687972/package/lib/server/progress.js:88:26)
    at Frame.fill (/private/var/folders/70/x874lf6n7cx_4tkvkkcwsmhh0000gr/T/playwright-java-12462135675554687972/package/lib/server/frames.js:988:23)
    at FrameDispatcher.fill (/private/var/folders/70/x874lf6n7cx_4tkvkkcwsmhh0000gr/T/playwright-java-12462135675554687972/package/lib/server/dispatchers/frameDispatcher.js:158:30)
    at DispatcherConnection.dispatch (/private/var/folders/70/x874lf6n7cx_4tkvkkcwsmhh0000gr/T/playwright-java-12462135675554687972/package/lib/server/dispatchers/dispatcher.js:317:46)
}]]>
            </message>
            <full-stacktrace>
              <![CDATA[com.microsoft.playwright.TimeoutError: Error {
  message='Timeout 30000ms exceeded.
=========================== logs ===========================
waiting for locator("input#username")
============================================================
  name='TimeoutError
  stack='TimeoutError: Timeout 30000ms exceeded.
=========================== logs ===========================
waiting for locator("input#username")
============================================================
    at ProgressController.run (/private/var/folders/70/x874lf6n7cx_4tkvkkcwsmhh0000gr/T/playwright-java-12462135675554687972/package/lib/server/progress.js:88:26)
    at Frame.fill (/private/var/folders/70/x874lf6n7cx_4tkvkkcwsmhh0000gr/T/playwright-java-12462135675554687972/package/lib/server/frames.js:988:23)
    at FrameDispatcher.fill (/private/var/folders/70/x874lf6n7cx_4tkvkkcwsmhh0000gr/T/playwright-java-12462135675554687972/package/lib/server/dispatchers/frameDispatcher.js:158:30)
    at DispatcherConnection.dispatch (/private/var/folders/70/x874lf6n7cx_4tkvkkcwsmhh0000gr/T/playwright-java-12462135675554687972/package/lib/server/dispatchers/dispatcher.js:317:46)
}
at com.microsoft.playwright.impl.WaitableResult.get(WaitableResult.java:52)
at com.microsoft.playwright.impl.ChannelOwner.runUntil(ChannelOwner.java:111)
at com.microsoft.playwright.impl.Connection.sendMessage(Connection.java:119)
at com.microsoft.playwright.impl.ChannelOwner.sendMessage(ChannelOwner.java:102)
at com.microsoft.playwright.impl.FrameImpl.fillImpl(FrameImpl.java:339)
at com.microsoft.playwright.impl.FrameImpl.lambda$fill$15(FrameImpl.java:329)
at com.microsoft.playwright.impl.LoggingSupport.lambda$withLogging$0(LoggingSupport.java:36)
at com.microsoft.playwright.impl.LoggingSupport.withLogging(LoggingSupport.java:47)
at com.microsoft.playwright.impl.ChannelOwner.withLogging(ChannelOwner.java:87)
at com.microsoft.playwright.impl.LoggingSupport.withLogging(LoggingSupport.java:35)
at com.microsoft.playwright.impl.FrameImpl.fill(FrameImpl.java:329)
at com.microsoft.playwright.impl.LocatorImpl.fill(LocatorImpl.java:182)
at com.microsoft.playwright.Locator.fill(Locator.java:2473)
at com.qa.BDO.pages.BDO_Login.logintoApp(BDO_Login.java:27)
at com.qa.BDO.Test.BDO_Login_Testcases.VerifyLoginCredentials(BDO_Login_Testcases.java:34)
at java.base/jdk.internal.reflect.DirectMethodHandleAccessor.invoke(DirectMethodHandleAccessor.java:104)
at java.base/java.lang.reflect.Method.invoke(Method.java:578)
at org.testng.internal.invokers.MethodInvocationHelper.invokeMethod(MethodInvocationHelper.java:139)
at org.testng.internal.invokers.TestInvoker.invokeMethod(TestInvoker.java:677)
at org.testng.internal.invokers.TestInvoker.invokeTestMethod(TestInvoker.java:221)
at org.testng.internal.invokers.MethodRunner.runInSequence(MethodRunner.java:50)
at org.testng.internal.invokers.TestInvoker$MethodInvocationAgent.invoke(TestInvoker.java:962)
at org.testng.internal.invokers.TestInvoker.invokeTestMethods(TestInvoker.java:194)
at org.testng.internal.invokers.TestMethodWorker.invokeTestMethods(TestMethodWorker.java:148)
at org.testng.internal.invokers.TestMethodWorker.run(TestMethodWorker.java:128)
at java.base/java.util.ArrayList.forEach(ArrayList.java:1511)
at org.testng.TestRunner.privateRun(TestRunner.java:806)
at org.testng.TestRunner.run(TestRunner.java:601)
at org.testng.SuiteRunner.runTest(SuiteRunner.java:433)
at org.testng.SuiteRunner.runSequentially(SuiteRunner.java:427)
at org.testng.SuiteRunner.privateRun(SuiteRunner.java:387)
at org.testng.SuiteRunner.run(SuiteRunner.java:330)
at org.testng.SuiteRunnerWorker.runSuite(SuiteRunnerWorker.java:52)
at org.testng.SuiteRunnerWorker.run(SuiteRunnerWorker.java:95)
at org.testng.TestNG.runSuitesSequentially(TestNG.java:1256)
at org.testng.TestNG.runSuitesLocally(TestNG.java:1176)
at org.testng.TestNG.runSuites(TestNG.java:1099)
at org.testng.TestNG.run(TestNG.java:1067)
at org.apache.maven.surefire.testng.TestNGExecutor.run(TestNGExecutor.java:283)
at org.apache.maven.surefire.testng.TestNGXmlTestSuite.execute(TestNGXmlTestSuite.java:75)
at org.apache.maven.surefire.testng.TestNGProvider.invoke(TestNGProvider.java:120)
at org.apache.maven.surefire.booter.ForkedBooter.invokeProviderInSameClassLoader(ForkedBooter.java:386)
at org.apache.maven.surefire.booter.ForkedBooter.runSuitesInProcess(ForkedBooter.java:323)
at org.apache.maven.surefire.booter.ForkedBooter.main(ForkedBooter.java:143)
Caused by: com.microsoft.playwright.TimeoutError: Error {
  message='Timeout 30000ms exceeded.
=========================== logs ===========================
waiting for locator("input#username")
============================================================
  name='TimeoutError
  stack='TimeoutError: Timeout 30000ms exceeded.
=========================== logs ===========================
waiting for locator("input#username")
============================================================
    at ProgressController.run (/private/var/folders/70/x874lf6n7cx_4tkvkkcwsmhh0000gr/T/playwright-java-12462135675554687972/package/lib/server/progress.js:88:26)
    at Frame.fill (/private/var/folders/70/x874lf6n7cx_4tkvkkcwsmhh0000gr/T/playwright-java-12462135675554687972/package/lib/server/frames.js:988:23)
    at FrameDispatcher.fill (/private/var/folders/70/x874lf6n7cx_4tkvkkcwsmhh0000gr/T/playwright-java-12462135675554687972/package/lib/server/dispatchers/frameDispatcher.js:158:30)
    at DispatcherConnection.dispatch (/private/var/folders/70/x874lf6n7cx_4tkvkkcwsmhh0000gr/T/playwright-java-12462135675554687972/package/lib/server/dispatchers/dispatcher.js:317:46)
}
at com.microsoft.playwright.impl.Connection.dispatch(Connection.java:199)
at com.microsoft.playwright.impl.Connection.processOneMessage(Connection.java:181)
at com.microsoft.playwright.impl.ChannelOwner.runUntil(ChannelOwner.java:109)
... 42 more
]]>
            </full-stacktrace>
          </exception> <!-- com.microsoft.playwright.TimeoutError -->
          <reporter-output>
          </reporter-output>
        </test-method> <!-- VerifyLoginCredentials -->
        <test-method signature="LoginAttemptExhausted()[pri:2, instance:com.qa.BDO.Test.BDO_Login_Testcases@111610e6]" started-at="2023-02-14T20:50:37 IST" name="LoginAttemptExhausted" finished-at="2023-02-14T20:51:07 IST" duration-ms="30007" status="FAIL">
          <exception class="com.microsoft.playwright.TimeoutError">
            <message>
              <![CDATA[Error {
  message='Timeout 30000ms exceeded.
=========================== logs ===========================
waiting for locator("input#username")
============================================================
  name='TimeoutError
  stack='TimeoutError: Timeout 30000ms exceeded.
=========================== logs ===========================
waiting for locator("input#username")
============================================================
    at ProgressController.run (/private/var/folders/70/x874lf6n7cx_4tkvkkcwsmhh0000gr/T/playwright-java-12462135675554687972/package/lib/server/progress.js:88:26)
    at Frame.fill (/private/var/folders/70/x874lf6n7cx_4tkvkkcwsmhh0000gr/T/playwright-java-12462135675554687972/package/lib/server/frames.js:988:23)
    at FrameDispatcher.fill (/private/var/folders/70/x874lf6n7cx_4tkvkkcwsmhh0000gr/T/playwright-java-12462135675554687972/package/lib/server/dispatchers/frameDispatcher.js:158:30)
    at DispatcherConnection.dispatch (/private/var/folders/70/x874lf6n7cx_4tkvkkcwsmhh0000gr/T/playwright-java-12462135675554687972/package/lib/server/dispatchers/dispatcher.js:317:46)
}]]>
            </message>
            <full-stacktrace>
              <![CDATA[com.microsoft.playwright.TimeoutError: Error {
  message='Timeout 30000ms exceeded.
=========================== logs ===========================
waiting for locator("input#username")
============================================================
  name='TimeoutError
  stack='TimeoutError: Timeout 30000ms exceeded.
=========================== logs ===========================
waiting for locator("input#username")
============================================================
    at ProgressController.run (/private/var/folders/70/x874lf6n7cx_4tkvkkcwsmhh0000gr/T/playwright-java-12462135675554687972/package/lib/server/progress.js:88:26)
    at Frame.fill (/private/var/folders/70/x874lf6n7cx_4tkvkkcwsmhh0000gr/T/playwright-java-12462135675554687972/package/lib/server/frames.js:988:23)
    at FrameDispatcher.fill (/private/var/folders/70/x874lf6n7cx_4tkvkkcwsmhh0000gr/T/playwright-java-12462135675554687972/package/lib/server/dispatchers/frameDispatcher.js:158:30)
    at DispatcherConnection.dispatch (/private/var/folders/70/x874lf6n7cx_4tkvkkcwsmhh0000gr/T/playwright-java-12462135675554687972/package/lib/server/dispatchers/dispatcher.js:317:46)
}
at com.microsoft.playwright.impl.WaitableResult.get(WaitableResult.java:52)
at com.microsoft.playwright.impl.ChannelOwner.runUntil(ChannelOwner.java:111)
at com.microsoft.playwright.impl.Connection.sendMessage(Connection.java:119)
at com.microsoft.playwright.impl.ChannelOwner.sendMessage(ChannelOwner.java:102)
at com.microsoft.playwright.impl.FrameImpl.fillImpl(FrameImpl.java:339)
at com.microsoft.playwright.impl.FrameImpl.lambda$fill$15(FrameImpl.java:329)
at com.microsoft.playwright.impl.LoggingSupport.lambda$withLogging$0(LoggingSupport.java:36)
at com.microsoft.playwright.impl.LoggingSupport.withLogging(LoggingSupport.java:47)
at com.microsoft.playwright.impl.ChannelOwner.withLogging(ChannelOwner.java:87)
at com.microsoft.playwright.impl.LoggingSupport.withLogging(LoggingSupport.java:35)
at com.microsoft.playwright.impl.FrameImpl.fill(FrameImpl.java:329)
at com.microsoft.playwright.impl.LocatorImpl.fill(LocatorImpl.java:182)
at com.microsoft.playwright.Locator.fill(Locator.java:2473)
at com.qa.BDO.pages.BDO_Login.logintoApp(BDO_Login.java:27)
at com.qa.BDO.Test.BDO_Login_Testcases.LoginAttemptExhausted(BDO_Login_Testcases.java:21)
at java.base/jdk.internal.reflect.DirectMethodHandleAccessor.invoke(DirectMethodHandleAccessor.java:104)
at java.base/java.lang.reflect.Method.invoke(Method.java:578)
at org.testng.internal.invokers.MethodInvocationHelper.invokeMethod(MethodInvocationHelper.java:139)
at org.testng.internal.invokers.TestInvoker.invokeMethod(TestInvoker.java:677)
at org.testng.internal.invokers.TestInvoker.invokeTestMethod(TestInvoker.java:221)
at org.testng.internal.invokers.MethodRunner.runInSequence(MethodRunner.java:50)
at org.testng.internal.invokers.TestInvoker$MethodInvocationAgent.invoke(TestInvoker.java:962)
at org.testng.internal.invokers.TestInvoker.invokeTestMethods(TestInvoker.java:194)
at org.testng.internal.invokers.TestMethodWorker.invokeTestMethods(TestMethodWorker.java:148)
at org.testng.internal.invokers.TestMethodWorker.run(TestMethodWorker.java:128)
at java.base/java.util.ArrayList.forEach(ArrayList.java:1511)
at org.testng.TestRunner.privateRun(TestRunner.java:806)
at org.testng.TestRunner.run(TestRunner.java:601)
at org.testng.SuiteRunner.runTest(SuiteRunner.java:433)
at org.testng.SuiteRunner.runSequentially(SuiteRunner.java:427)
at org.testng.SuiteRunner.privateRun(SuiteRunner.java:387)
at org.testng.SuiteRunner.run(SuiteRunner.java:330)
at org.testng.SuiteRunnerWorker.runSuite(SuiteRunnerWorker.java:52)
at org.testng.SuiteRunnerWorker.run(SuiteRunnerWorker.java:95)
at org.testng.TestNG.runSuitesSequentially(TestNG.java:1256)
at org.testng.TestNG.runSuitesLocally(TestNG.java:1176)
at org.testng.TestNG.runSuites(TestNG.java:1099)
at org.testng.TestNG.run(TestNG.java:1067)
at org.apache.maven.surefire.testng.TestNGExecutor.run(TestNGExecutor.java:283)
at org.apache.maven.surefire.testng.TestNGXmlTestSuite.execute(TestNGXmlTestSuite.java:75)
at org.apache.maven.surefire.testng.TestNGProvider.invoke(TestNGProvider.java:120)
at org.apache.maven.surefire.booter.ForkedBooter.invokeProviderInSameClassLoader(ForkedBooter.java:386)
at org.apache.maven.surefire.booter.ForkedBooter.runSuitesInProcess(ForkedBooter.java:323)
at org.apache.maven.surefire.booter.ForkedBooter.main(ForkedBooter.java:143)
Caused by: com.microsoft.playwright.TimeoutError: Error {
  message='Timeout 30000ms exceeded.
=========================== logs ===========================
waiting for locator("input#username")
============================================================
  name='TimeoutError
  stack='TimeoutError: Timeout 30000ms exceeded.
=========================== logs ===========================
waiting for locator("input#username")
============================================================
    at ProgressController.run (/private/var/folders/70/x874lf6n7cx_4tkvkkcwsmhh0000gr/T/playwright-java-12462135675554687972/package/lib/server/progress.js:88:26)
    at Frame.fill (/private/var/folders/70/x874lf6n7cx_4tkvkkcwsmhh0000gr/T/playwright-java-12462135675554687972/package/lib/server/frames.js:988:23)
    at FrameDispatcher.fill (/private/var/folders/70/x874lf6n7cx_4tkvkkcwsmhh0000gr/T/playwright-java-12462135675554687972/package/lib/server/dispatchers/frameDispatcher.js:158:30)
    at DispatcherConnection.dispatch (/private/var/folders/70/x874lf6n7cx_4tkvkkcwsmhh0000gr/T/playwright-java-12462135675554687972/package/lib/server/dispatchers/dispatcher.js:317:46)
}
at com.microsoft.playwright.impl.Connection.dispatch(Connection.java:199)
at com.microsoft.playwright.impl.Connection.processOneMessage(Connection.java:181)
at com.microsoft.playwright.impl.ChannelOwner.runUntil(ChannelOwner.java:109)
... 42 more
]]>
            </full-stacktrace>
          </exception> <!-- com.microsoft.playwright.TimeoutError -->
          <reporter-output>
          </reporter-output>
        </test-method> <!-- LoginAttemptExhausted -->
        <test-method signature="VaildateSuccessfullogin()[pri:3, instance:com.qa.BDO.Test.BDO_Login_Testcases@111610e6]" started-at="2023-02-14T20:51:07 IST" name="VaildateSuccessfullogin" finished-at="2023-02-14T20:51:37 IST" duration-ms="30006" status="FAIL">
          <exception class="com.microsoft.playwright.TimeoutError">
            <message>
              <![CDATA[Error {
  message='Timeout 30000ms exceeded.
=========================== logs ===========================
waiting for locator("input#username")
============================================================
  name='TimeoutError
  stack='TimeoutError: Timeout 30000ms exceeded.
=========================== logs ===========================
waiting for locator("input#username")
============================================================
    at ProgressController.run (/private/var/folders/70/x874lf6n7cx_4tkvkkcwsmhh0000gr/T/playwright-java-12462135675554687972/package/lib/server/progress.js:88:26)
    at Frame.fill (/private/var/folders/70/x874lf6n7cx_4tkvkkcwsmhh0000gr/T/playwright-java-12462135675554687972/package/lib/server/frames.js:988:23)
    at FrameDispatcher.fill (/private/var/folders/70/x874lf6n7cx_4tkvkkcwsmhh0000gr/T/playwright-java-12462135675554687972/package/lib/server/dispatchers/frameDispatcher.js:158:30)
    at DispatcherConnection.dispatch (/private/var/folders/70/x874lf6n7cx_4tkvkkcwsmhh0000gr/T/playwright-java-12462135675554687972/package/lib/server/dispatchers/dispatcher.js:317:46)
}]]>
            </message>
            <full-stacktrace>
              <![CDATA[com.microsoft.playwright.TimeoutError: Error {
  message='Timeout 30000ms exceeded.
=========================== logs ===========================
waiting for locator("input#username")
============================================================
  name='TimeoutError
  stack='TimeoutError: Timeout 30000ms exceeded.
=========================== logs ===========================
waiting for locator("input#username")
============================================================
    at ProgressController.run (/private/var/folders/70/x874lf6n7cx_4tkvkkcwsmhh0000gr/T/playwright-java-12462135675554687972/package/lib/server/progress.js:88:26)
    at Frame.fill (/private/var/folders/70/x874lf6n7cx_4tkvkkcwsmhh0000gr/T/playwright-java-12462135675554687972/package/lib/server/frames.js:988:23)
    at FrameDispatcher.fill (/private/var/folders/70/x874lf6n7cx_4tkvkkcwsmhh0000gr/T/playwright-java-12462135675554687972/package/lib/server/dispatchers/frameDispatcher.js:158:30)
    at DispatcherConnection.dispatch (/private/var/folders/70/x874lf6n7cx_4tkvkkcwsmhh0000gr/T/playwright-java-12462135675554687972/package/lib/server/dispatchers/dispatcher.js:317:46)
}
at com.microsoft.playwright.impl.WaitableResult.get(WaitableResult.java:52)
at com.microsoft.playwright.impl.ChannelOwner.runUntil(ChannelOwner.java:111)
at com.microsoft.playwright.impl.Connection.sendMessage(Connection.java:119)
at com.microsoft.playwright.impl.ChannelOwner.sendMessage(ChannelOwner.java:102)
at com.microsoft.playwright.impl.FrameImpl.fillImpl(FrameImpl.java:339)
at com.microsoft.playwright.impl.FrameImpl.lambda$fill$15(FrameImpl.java:329)
at com.microsoft.playwright.impl.LoggingSupport.lambda$withLogging$0(LoggingSupport.java:36)
at com.microsoft.playwright.impl.LoggingSupport.withLogging(LoggingSupport.java:47)
at com.microsoft.playwright.impl.ChannelOwner.withLogging(ChannelOwner.java:87)
at com.microsoft.playwright.impl.LoggingSupport.withLogging(LoggingSupport.java:35)
at com.microsoft.playwright.impl.FrameImpl.fill(FrameImpl.java:329)
at com.microsoft.playwright.impl.LocatorImpl.fill(LocatorImpl.java:182)
at com.microsoft.playwright.Locator.fill(Locator.java:2473)
at com.qa.BDO.pages.BDO_Login.logintoApp(BDO_Login.java:27)
at com.qa.BDO.Test.BDO_Login_Testcases.VaildateSuccessfullogin(BDO_Login_Testcases.java:100)
at java.base/jdk.internal.reflect.DirectMethodHandleAccessor.invoke(DirectMethodHandleAccessor.java:104)
at java.base/java.lang.reflect.Method.invoke(Method.java:578)
at org.testng.internal.invokers.MethodInvocationHelper.invokeMethod(MethodInvocationHelper.java:139)
at org.testng.internal.invokers.TestInvoker.invokeMethod(TestInvoker.java:677)
at org.testng.internal.invokers.TestInvoker.invokeTestMethod(TestInvoker.java:221)
at org.testng.internal.invokers.MethodRunner.runInSequence(MethodRunner.java:50)
at org.testng.internal.invokers.TestInvoker$MethodInvocationAgent.invoke(TestInvoker.java:962)
at org.testng.internal.invokers.TestInvoker.invokeTestMethods(TestInvoker.java:194)
at org.testng.internal.invokers.TestMethodWorker.invokeTestMethods(TestMethodWorker.java:148)
at org.testng.internal.invokers.TestMethodWorker.run(TestMethodWorker.java:128)
at java.base/java.util.ArrayList.forEach(ArrayList.java:1511)
at org.testng.TestRunner.privateRun(TestRunner.java:806)
at org.testng.TestRunner.run(TestRunner.java:601)
at org.testng.SuiteRunner.runTest(SuiteRunner.java:433)
at org.testng.SuiteRunner.runSequentially(SuiteRunner.java:427)
at org.testng.SuiteRunner.privateRun(SuiteRunner.java:387)
at org.testng.SuiteRunner.run(SuiteRunner.java:330)
at org.testng.SuiteRunnerWorker.runSuite(SuiteRunnerWorker.java:52)
at org.testng.SuiteRunnerWorker.run(SuiteRunnerWorker.java:95)
at org.testng.TestNG.runSuitesSequentially(TestNG.java:1256)
at org.testng.TestNG.runSuitesLocally(TestNG.java:1176)
at org.testng.TestNG.runSuites(TestNG.java:1099)
at org.testng.TestNG.run(TestNG.java:1067)
at org.apache.maven.surefire.testng.TestNGExecutor.run(TestNGExecutor.java:283)
at org.apache.maven.surefire.testng.TestNGXmlTestSuite.execute(TestNGXmlTestSuite.java:75)
at org.apache.maven.surefire.testng.TestNGProvider.invoke(TestNGProvider.java:120)
at org.apache.maven.surefire.booter.ForkedBooter.invokeProviderInSameClassLoader(ForkedBooter.java:386)
at org.apache.maven.surefire.booter.ForkedBooter.runSuitesInProcess(ForkedBooter.java:323)
at org.apache.maven.surefire.booter.ForkedBooter.main(ForkedBooter.java:143)
Caused by: com.microsoft.playwright.TimeoutError: Error {
  message='Timeout 30000ms exceeded.
=========================== logs ===========================
waiting for locator("input#username")
============================================================
  name='TimeoutError
  stack='TimeoutError: Timeout 30000ms exceeded.
=========================== logs ===========================
waiting for locator("input#username")
============================================================
    at ProgressController.run (/private/var/folders/70/x874lf6n7cx_4tkvkkcwsmhh0000gr/T/playwright-java-12462135675554687972/package/lib/server/progress.js:88:26)
    at Frame.fill (/private/var/folders/70/x874lf6n7cx_4tkvkkcwsmhh0000gr/T/playwright-java-12462135675554687972/package/lib/server/frames.js:988:23)
    at FrameDispatcher.fill (/private/var/folders/70/x874lf6n7cx_4tkvkkcwsmhh0000gr/T/playwright-java-12462135675554687972/package/lib/server/dispatchers/frameDispatcher.js:158:30)
    at DispatcherConnection.dispatch (/private/var/folders/70/x874lf6n7cx_4tkvkkcwsmhh0000gr/T/playwright-java-12462135675554687972/package/lib/server/dispatchers/dispatcher.js:317:46)
}
at com.microsoft.playwright.impl.Connection.dispatch(Connection.java:199)
at com.microsoft.playwright.impl.Connection.processOneMessage(Connection.java:181)
at com.microsoft.playwright.impl.ChannelOwner.runUntil(ChannelOwner.java:109)
... 42 more
]]>
            </full-stacktrace>
          </exception> <!-- com.microsoft.playwright.TimeoutError -->
          <reporter-output>
          </reporter-output>
        </test-method> <!-- VaildateSuccessfullogin -->
        <test-method is-config="true" signature="tearDown()[pri:0, instance:com.qa.BDO.Test.BDO_Login_Testcases@111610e6]" started-at="2023-02-14T20:51:37 IST" name="tearDown" finished-at="2023-02-14T20:51:37 IST" duration-ms="22" status="PASS">
          <reporter-output>
          </reporter-output>
        </test-method> <!-- tearDown -->
      </class> <!-- com.qa.BDO.Test.BDO_Login_Testcases -->
    </test> <!-- BDO_Login_Testcase -->
    <test started-at="2023-02-14T20:51:37 IST" name="BDO_MyAccountSummary_Testcase" finished-at="2023-02-14T20:52:10 IST" duration-ms="32262">
      <class name="com.qa.BDO.Test.BDO_AccountSummary_Testcases">
        <test-method is-config="true" signature="setup()[pri:0, instance:com.qa.BDO.Test.BDO_AccountSummary_Testcases@7882c44a]" started-at="2023-02-14T20:51:37 IST" name="setup" finished-at="2023-02-14T20:51:40 IST" duration-ms="2235" status="PASS">
          <reporter-output>
          </reporter-output>
        </test-method> <!-- setup -->
        <test-method signature="NavigateToUpdateProfilePage()[pri:1, instance:com.qa.BDO.Test.BDO_AccountSummary_Testcases@7882c44a]" started-at="2023-02-14T20:51:40 IST" name="NavigateToUpdateProfilePage" finished-at="2023-02-14T20:52:10 IST" duration-ms="30005" status="FAIL">
          <exception class="com.microsoft.playwright.TimeoutError">
            <message>
              <![CDATA[Error {
  message='Timeout 30000ms exceeded.
=========================== logs ===========================
waiting for locator("input#username")
============================================================
  name='TimeoutError
  stack='TimeoutError: Timeout 30000ms exceeded.
=========================== logs ===========================
waiting for locator("input#username")
============================================================
    at ProgressController.run (/private/var/folders/70/x874lf6n7cx_4tkvkkcwsmhh0000gr/T/playwright-java-12462135675554687972/package/lib/server/progress.js:88:26)
    at Frame.fill (/private/var/folders/70/x874lf6n7cx_4tkvkkcwsmhh0000gr/T/playwright-java-12462135675554687972/package/lib/server/frames.js:988:23)
    at FrameDispatcher.fill (/private/var/folders/70/x874lf6n7cx_4tkvkkcwsmhh0000gr/T/playwright-java-12462135675554687972/package/lib/server/dispatchers/frameDispatcher.js:158:30)
    at DispatcherConnection.dispatch (/private/var/folders/70/x874lf6n7cx_4tkvkkcwsmhh0000gr/T/playwright-java-12462135675554687972/package/lib/server/dispatchers/dispatcher.js:317:46)
}]]>
            </message>
            <full-stacktrace>
              <![CDATA[com.microsoft.playwright.TimeoutError: Error {
  message='Timeout 30000ms exceeded.
=========================== logs ===========================
waiting for locator("input#username")
============================================================
  name='TimeoutError
  stack='TimeoutError: Timeout 30000ms exceeded.
=========================== logs ===========================
waiting for locator("input#username")
============================================================
    at ProgressController.run (/private/var/folders/70/x874lf6n7cx_4tkvkkcwsmhh0000gr/T/playwright-java-12462135675554687972/package/lib/server/progress.js:88:26)
    at Frame.fill (/private/var/folders/70/x874lf6n7cx_4tkvkkcwsmhh0000gr/T/playwright-java-12462135675554687972/package/lib/server/frames.js:988:23)
    at FrameDispatcher.fill (/private/var/folders/70/x874lf6n7cx_4tkvkkcwsmhh0000gr/T/playwright-java-12462135675554687972/package/lib/server/dispatchers/frameDispatcher.js:158:30)
    at DispatcherConnection.dispatch (/private/var/folders/70/x874lf6n7cx_4tkvkkcwsmhh0000gr/T/playwright-java-12462135675554687972/package/lib/server/dispatchers/dispatcher.js:317:46)
}
at com.microsoft.playwright.impl.WaitableResult.get(WaitableResult.java:52)
at com.microsoft.playwright.impl.ChannelOwner.runUntil(ChannelOwner.java:111)
at com.microsoft.playwright.impl.Connection.sendMessage(Connection.java:119)
at com.microsoft.playwright.impl.ChannelOwner.sendMessage(ChannelOwner.java:102)
at com.microsoft.playwright.impl.FrameImpl.fillImpl(FrameImpl.java:339)
at com.microsoft.playwright.impl.FrameImpl.lambda$fill$15(FrameImpl.java:329)
at com.microsoft.playwright.impl.LoggingSupport.lambda$withLogging$0(LoggingSupport.java:36)
at com.microsoft.playwright.impl.LoggingSupport.withLogging(LoggingSupport.java:47)
at com.microsoft.playwright.impl.ChannelOwner.withLogging(ChannelOwner.java:87)
at com.microsoft.playwright.impl.LoggingSupport.withLogging(LoggingSupport.java:35)
at com.microsoft.playwright.impl.FrameImpl.fill(FrameImpl.java:329)
at com.microsoft.playwright.impl.LocatorImpl.fill(LocatorImpl.java:182)
at com.microsoft.playwright.Locator.fill(Locator.java:2473)
at com.qa.BDO.pages.BDO_Login.logintoApp(BDO_Login.java:27)
at com.qa.BDO.pages.BDO_Login.navigateToMyAccountsMoreTab(BDO_Login.java:144)
at com.qa.BDO.Test.BDO_AccountSummary_Testcases.NavigateToUpdateProfilePage(BDO_AccountSummary_Testcases.java:14)
at java.base/jdk.internal.reflect.DirectMethodHandleAccessor.invoke(DirectMethodHandleAccessor.java:104)
at java.base/java.lang.reflect.Method.invoke(Method.java:578)
at org.testng.internal.invokers.MethodInvocationHelper.invokeMethod(MethodInvocationHelper.java:139)
at org.testng.internal.invokers.TestInvoker.invokeMethod(TestInvoker.java:677)
at org.testng.internal.invokers.TestInvoker.invokeTestMethod(TestInvoker.java:221)
at org.testng.internal.invokers.MethodRunner.runInSequence(MethodRunner.java:50)
at org.testng.internal.invokers.TestInvoker$MethodInvocationAgent.invoke(TestInvoker.java:962)
at org.testng.internal.invokers.TestInvoker.invokeTestMethods(TestInvoker.java:194)
at org.testng.internal.invokers.TestMethodWorker.invokeTestMethods(TestMethodWorker.java:148)
at org.testng.internal.invokers.TestMethodWorker.run(TestMethodWorker.java:128)
at java.base/java.util.ArrayList.forEach(ArrayList.java:1511)
at org.testng.TestRunner.privateRun(TestRunner.java:806)
at org.testng.TestRunner.run(TestRunner.java:601)
at org.testng.SuiteRunner.runTest(SuiteRunner.java:433)
at org.testng.SuiteRunner.runSequentially(SuiteRunner.java:427)
at org.testng.SuiteRunner.privateRun(SuiteRunner.java:387)
at org.testng.SuiteRunner.run(SuiteRunner.java:330)
at org.testng.SuiteRunnerWorker.runSuite(SuiteRunnerWorker.java:52)
at org.testng.SuiteRunnerWorker.run(SuiteRunnerWorker.java:95)
at org.testng.TestNG.runSuitesSequentially(TestNG.java:1256)
at org.testng.TestNG.runSuitesLocally(TestNG.java:1176)
at org.testng.TestNG.runSuites(TestNG.java:1099)
at org.testng.TestNG.run(TestNG.java:1067)
at org.apache.maven.surefire.testng.TestNGExecutor.run(TestNGExecutor.java:283)
at org.apache.maven.surefire.testng.TestNGXmlTestSuite.execute(TestNGXmlTestSuite.java:75)
at org.apache.maven.surefire.testng.TestNGProvider.invoke(TestNGProvider.java:120)
at org.apache.maven.surefire.booter.ForkedBooter.invokeProviderInSameClassLoader(ForkedBooter.java:386)
at org.apache.maven.surefire.booter.ForkedBooter.runSuitesInProcess(ForkedBooter.java:323)
at org.apache.maven.surefire.booter.ForkedBooter.main(ForkedBooter.java:143)
Caused by: com.microsoft.playwright.TimeoutError: Error {
  message='Timeout 30000ms exceeded.
=========================== logs ===========================
waiting for locator("input#username")
============================================================
  name='TimeoutError
  stack='TimeoutError: Timeout 30000ms exceeded.
=========================== logs ===========================
waiting for locator("input#username")
============================================================
    at ProgressController.run (/private/var/folders/70/x874lf6n7cx_4tkvkkcwsmhh0000gr/T/playwright-java-12462135675554687972/package/lib/server/progress.js:88:26)
    at Frame.fill (/private/var/folders/70/x874lf6n7cx_4tkvkkcwsmhh0000gr/T/playwright-java-12462135675554687972/package/lib/server/frames.js:988:23)
    at FrameDispatcher.fill (/private/var/folders/70/x874lf6n7cx_4tkvkkcwsmhh0000gr/T/playwright-java-12462135675554687972/package/lib/server/dispatchers/frameDispatcher.js:158:30)
    at DispatcherConnection.dispatch (/private/var/folders/70/x874lf6n7cx_4tkvkkcwsmhh0000gr/T/playwright-java-12462135675554687972/package/lib/server/dispatchers/dispatcher.js:317:46)
}
at com.microsoft.playwright.impl.Connection.dispatch(Connection.java:199)
at com.microsoft.playwright.impl.Connection.processOneMessage(Connection.java:181)
at com.microsoft.playwright.impl.ChannelOwner.runUntil(ChannelOwner.java:109)
... 43 more
]]>
            </full-stacktrace>
          </exception> <!-- com.microsoft.playwright.TimeoutError -->
          <reporter-output>
          </reporter-output>
        </test-method> <!-- NavigateToUpdateProfilePage -->
        <test-method is-config="true" signature="tearDown()[pri:0, instance:com.qa.BDO.Test.BDO_AccountSummary_Testcases@7882c44a]" started-at="2023-02-14T20:52:10 IST" name="tearDown" finished-at="2023-02-14T20:52:10 IST" duration-ms="19" status="PASS">
          <reporter-output>
          </reporter-output>
        </test-method> <!-- tearDown -->
      </class> <!-- com.qa.BDO.Test.BDO_AccountSummary_Testcases -->
    </test> <!-- BDO_MyAccountSummary_Testcase -->
    <test started-at="2023-02-14T20:52:10 IST" name="BDO_ManageProfile_Testcase" finished-at="2023-02-14T20:52:44 IST" duration-ms="34585">
      <class name="com.qa.BDO.Test.BDO_ManageProfile_Testcases">
        <test-method is-config="true" signature="setup()[pri:0, instance:com.qa.BDO.Test.BDO_ManageProfile_Testcases@794b435f]" started-at="2023-02-14T20:52:10 IST" name="setup" finished-at="2023-02-14T20:52:12 IST" duration-ms="2337" status="PASS">
          <reporter-output>
          </reporter-output>
        </test-method> <!-- setup -->
        <test-method signature="NavigateToManageProfile()[pri:1, instance:com.qa.BDO.Test.BDO_ManageProfile_Testcases@794b435f]" started-at="2023-02-14T20:52:12 IST" name="NavigateToManageProfile" finished-at="2023-02-14T20:52:42 IST" duration-ms="30005" status="FAIL">
          <exception class="com.microsoft.playwright.TimeoutError">
            <message>
              <![CDATA[Error {
  message='Timeout 30000ms exceeded.
=========================== logs ===========================
waiting for locator("input#username")
============================================================
  name='TimeoutError
  stack='TimeoutError: Timeout 30000ms exceeded.
=========================== logs ===========================
waiting for locator("input#username")
============================================================
    at ProgressController.run (/private/var/folders/70/x874lf6n7cx_4tkvkkcwsmhh0000gr/T/playwright-java-12462135675554687972/package/lib/server/progress.js:88:26)
    at Frame.fill (/private/var/folders/70/x874lf6n7cx_4tkvkkcwsmhh0000gr/T/playwright-java-12462135675554687972/package/lib/server/frames.js:988:23)
    at FrameDispatcher.fill (/private/var/folders/70/x874lf6n7cx_4tkvkkcwsmhh0000gr/T/playwright-java-12462135675554687972/package/lib/server/dispatchers/frameDispatcher.js:158:30)
    at DispatcherConnection.dispatch (/private/var/folders/70/x874lf6n7cx_4tkvkkcwsmhh0000gr/T/playwright-java-12462135675554687972/package/lib/server/dispatchers/dispatcher.js:317:46)
}]]>
            </message>
            <full-stacktrace>
              <![CDATA[com.microsoft.playwright.TimeoutError: Error {
  message='Timeout 30000ms exceeded.
=========================== logs ===========================
waiting for locator("input#username")
============================================================
  name='TimeoutError
  stack='TimeoutError: Timeout 30000ms exceeded.
=========================== logs ===========================
waiting for locator("input#username")
============================================================
    at ProgressController.run (/private/var/folders/70/x874lf6n7cx_4tkvkkcwsmhh0000gr/T/playwright-java-12462135675554687972/package/lib/server/progress.js:88:26)
    at Frame.fill (/private/var/folders/70/x874lf6n7cx_4tkvkkcwsmhh0000gr/T/playwright-java-12462135675554687972/package/lib/server/frames.js:988:23)
    at FrameDispatcher.fill (/private/var/folders/70/x874lf6n7cx_4tkvkkcwsmhh0000gr/T/playwright-java-12462135675554687972/package/lib/server/dispatchers/frameDispatcher.js:158:30)
    at DispatcherConnection.dispatch (/private/var/folders/70/x874lf6n7cx_4tkvkkcwsmhh0000gr/T/playwright-java-12462135675554687972/package/lib/server/dispatchers/dispatcher.js:317:46)
}
at com.microsoft.playwright.impl.WaitableResult.get(WaitableResult.java:52)
at com.microsoft.playwright.impl.ChannelOwner.runUntil(ChannelOwner.java:111)
at com.microsoft.playwright.impl.Connection.sendMessage(Connection.java:119)
at com.microsoft.playwright.impl.ChannelOwner.sendMessage(ChannelOwner.java:102)
at com.microsoft.playwright.impl.FrameImpl.fillImpl(FrameImpl.java:339)
at com.microsoft.playwright.impl.FrameImpl.lambda$fill$15(FrameImpl.java:329)
at com.microsoft.playwright.impl.LoggingSupport.lambda$withLogging$0(LoggingSupport.java:36)
at com.microsoft.playwright.impl.LoggingSupport.withLogging(LoggingSupport.java:47)
at com.microsoft.playwright.impl.ChannelOwner.withLogging(ChannelOwner.java:87)
at com.microsoft.playwright.impl.LoggingSupport.withLogging(LoggingSupport.java:35)
at com.microsoft.playwright.impl.FrameImpl.fill(FrameImpl.java:329)
at com.microsoft.playwright.impl.LocatorImpl.fill(LocatorImpl.java:182)
at com.microsoft.playwright.Locator.fill(Locator.java:2473)
at com.qa.BDO.pages.BDO_Login.logintoApp(BDO_Login.java:27)
at com.qa.BDO.pages.BDO_Login.navigateToMyAccountsMoreTab(BDO_Login.java:144)
at com.qa.BDO.Test.BDO_ManageProfile_Testcases.NavigateToManageProfile(BDO_ManageProfile_Testcases.java:19)
at java.base/jdk.internal.reflect.DirectMethodHandleAccessor.invoke(DirectMethodHandleAccessor.java:104)
at java.base/java.lang.reflect.Method.invoke(Method.java:578)
at org.testng.internal.invokers.MethodInvocationHelper.invokeMethod(MethodInvocationHelper.java:139)
at org.testng.internal.invokers.TestInvoker.invokeMethod(TestInvoker.java:677)
at org.testng.internal.invokers.TestInvoker.invokeTestMethod(TestInvoker.java:221)
at org.testng.internal.invokers.MethodRunner.runInSequence(MethodRunner.java:50)
at org.testng.internal.invokers.TestInvoker$MethodInvocationAgent.invoke(TestInvoker.java:962)
at org.testng.internal.invokers.TestInvoker.invokeTestMethods(TestInvoker.java:194)
at org.testng.internal.invokers.TestMethodWorker.invokeTestMethods(TestMethodWorker.java:148)
at org.testng.internal.invokers.TestMethodWorker.run(TestMethodWorker.java:128)
at java.base/java.util.ArrayList.forEach(ArrayList.java:1511)
at org.testng.TestRunner.privateRun(TestRunner.java:806)
at org.testng.TestRunner.run(TestRunner.java:601)
at org.testng.SuiteRunner.runTest(SuiteRunner.java:433)
at org.testng.SuiteRunner.runSequentially(SuiteRunner.java:427)
at org.testng.SuiteRunner.privateRun(SuiteRunner.java:387)
at org.testng.SuiteRunner.run(SuiteRunner.java:330)
at org.testng.SuiteRunnerWorker.runSuite(SuiteRunnerWorker.java:52)
at org.testng.SuiteRunnerWorker.run(SuiteRunnerWorker.java:95)
at org.testng.TestNG.runSuitesSequentially(TestNG.java:1256)
at org.testng.TestNG.runSuitesLocally(TestNG.java:1176)
at org.testng.TestNG.runSuites(TestNG.java:1099)
at org.testng.TestNG.run(TestNG.java:1067)
at org.apache.maven.surefire.testng.TestNGExecutor.run(TestNGExecutor.java:283)
at org.apache.maven.surefire.testng.TestNGXmlTestSuite.execute(TestNGXmlTestSuite.java:75)
at org.apache.maven.surefire.testng.TestNGProvider.invoke(TestNGProvider.java:120)
at org.apache.maven.surefire.booter.ForkedBooter.invokeProviderInSameClassLoader(ForkedBooter.java:386)
at org.apache.maven.surefire.booter.ForkedBooter.runSuitesInProcess(ForkedBooter.java:323)
at org.apache.maven.surefire.booter.ForkedBooter.main(ForkedBooter.java:143)
Caused by: com.microsoft.playwright.TimeoutError: Error {
  message='Timeout 30000ms exceeded.
=========================== logs ===========================
waiting for locator("input#username")
============================================================
  name='TimeoutError
  stack='TimeoutError: Timeout 30000ms exceeded.
=========================== logs ===========================
waiting for locator("input#username")
============================================================
    at ProgressController.run (/private/var/folders/70/x874lf6n7cx_4tkvkkcwsmhh0000gr/T/playwright-java-12462135675554687972/package/lib/server/progress.js:88:26)
    at Frame.fill (/private/var/folders/70/x874lf6n7cx_4tkvkkcwsmhh0000gr/T/playwright-java-12462135675554687972/package/lib/server/frames.js:988:23)
    at FrameDispatcher.fill (/private/var/folders/70/x874lf6n7cx_4tkvkkcwsmhh0000gr/T/playwright-java-12462135675554687972/package/lib/server/dispatchers/frameDispatcher.js:158:30)
    at DispatcherConnection.dispatch (/private/var/folders/70/x874lf6n7cx_4tkvkkcwsmhh0000gr/T/playwright-java-12462135675554687972/package/lib/server/dispatchers/dispatcher.js:317:46)
}
at com.microsoft.playwright.impl.Connection.dispatch(Connection.java:199)
at com.microsoft.playwright.impl.Connection.processOneMessage(Connection.java:181)
at com.microsoft.playwright.impl.ChannelOwner.runUntil(ChannelOwner.java:109)
... 43 more
]]>
            </full-stacktrace>
          </exception> <!-- com.microsoft.playwright.TimeoutError -->
          <reporter-output>
          </reporter-output>
        </test-method> <!-- NavigateToManageProfile -->
        <test-method signature="Verify_Cancel_UpdateMobile()[pri:2, instance:com.qa.BDO.Test.BDO_ManageProfile_Testcases@794b435f]" started-at="2023-02-14T20:52:42 IST" name="Verify_Cancel_UpdateMobile" finished-at="2023-02-14T20:52:42 IST" duration-ms="5" status="FAIL">
          <exception class="java.lang.NullPointerException">
            <message>
              <![CDATA[Cannot invoke "com.qa.BDO.pages.BDO_ManageProfile.VerifyCancel_Mobile()" because "this.profile" is null]]>
            </message>
            <full-stacktrace>
              <![CDATA[java.lang.NullPointerException: Cannot invoke "com.qa.BDO.pages.BDO_ManageProfile.VerifyCancel_Mobile()" because "this.profile" is null
at com.qa.BDO.Test.BDO_ManageProfile_Testcases.Verify_Cancel_UpdateMobile(BDO_ManageProfile_Testcases.java:46)
at java.base/jdk.internal.reflect.DirectMethodHandleAccessor.invoke(DirectMethodHandleAccessor.java:104)
at java.base/java.lang.reflect.Method.invoke(Method.java:578)
at org.testng.internal.invokers.MethodInvocationHelper.invokeMethod(MethodInvocationHelper.java:139)
at org.testng.internal.invokers.TestInvoker.invokeMethod(TestInvoker.java:677)
at org.testng.internal.invokers.TestInvoker.invokeTestMethod(TestInvoker.java:221)
at org.testng.internal.invokers.MethodRunner.runInSequence(MethodRunner.java:50)
at org.testng.internal.invokers.TestInvoker$MethodInvocationAgent.invoke(TestInvoker.java:962)
at org.testng.internal.invokers.TestInvoker.invokeTestMethods(TestInvoker.java:194)
at org.testng.internal.invokers.TestMethodWorker.invokeTestMethods(TestMethodWorker.java:148)
at org.testng.internal.invokers.TestMethodWorker.run(TestMethodWorker.java:128)
at java.base/java.util.ArrayList.forEach(ArrayList.java:1511)
at org.testng.TestRunner.privateRun(TestRunner.java:806)
at org.testng.TestRunner.run(TestRunner.java:601)
at org.testng.SuiteRunner.runTest(SuiteRunner.java:433)
at org.testng.SuiteRunner.runSequentially(SuiteRunner.java:427)
at org.testng.SuiteRunner.privateRun(SuiteRunner.java:387)
at org.testng.SuiteRunner.run(SuiteRunner.java:330)
at org.testng.SuiteRunnerWorker.runSuite(SuiteRunnerWorker.java:52)
at org.testng.SuiteRunnerWorker.run(SuiteRunnerWorker.java:95)
at org.testng.TestNG.runSuitesSequentially(TestNG.java:1256)
at org.testng.TestNG.runSuitesLocally(TestNG.java:1176)
at org.testng.TestNG.runSuites(TestNG.java:1099)
at org.testng.TestNG.run(TestNG.java:1067)
at org.apache.maven.surefire.testng.TestNGExecutor.run(TestNGExecutor.java:283)
at org.apache.maven.surefire.testng.TestNGXmlTestSuite.execute(TestNGXmlTestSuite.java:75)
at org.apache.maven.surefire.testng.TestNGProvider.invoke(TestNGProvider.java:120)
at org.apache.maven.surefire.booter.ForkedBooter.invokeProviderInSameClassLoader(ForkedBooter.java:386)
at org.apache.maven.surefire.booter.ForkedBooter.runSuitesInProcess(ForkedBooter.java:323)
at org.apache.maven.surefire.booter.ForkedBooter.main(ForkedBooter.java:143)
]]>
            </full-stacktrace>
          </exception> <!-- java.lang.NullPointerException -->
          <reporter-output>
          </reporter-output>
        </test-method> <!-- Verify_Cancel_UpdateMobile -->
        <test-method signature="Verify_Cancel_UpdateEmail()[pri:3, instance:com.qa.BDO.Test.BDO_ManageProfile_Testcases@794b435f]" started-at="2023-02-14T20:52:42 IST" name="Verify_Cancel_UpdateEmail" finished-at="2023-02-14T20:52:42 IST" duration-ms="1" status="FAIL">
          <exception class="java.lang.NullPointerException">
            <message>
              <![CDATA[Cannot invoke "com.qa.BDO.pages.BDO_ManageProfile.VerifyCancel_Email()" because "this.profile" is null]]>
            </message>
            <full-stacktrace>
              <![CDATA[java.lang.NullPointerException: Cannot invoke "com.qa.BDO.pages.BDO_ManageProfile.VerifyCancel_Email()" because "this.profile" is null
at com.qa.BDO.Test.BDO_ManageProfile_Testcases.Verify_Cancel_UpdateEmail(BDO_ManageProfile_Testcases.java:55)
at java.base/jdk.internal.reflect.DirectMethodHandleAccessor.invoke(DirectMethodHandleAccessor.java:104)
at java.base/java.lang.reflect.Method.invoke(Method.java:578)
at org.testng.internal.invokers.MethodInvocationHelper.invokeMethod(MethodInvocationHelper.java:139)
at org.testng.internal.invokers.TestInvoker.invokeMethod(TestInvoker.java:677)
at org.testng.internal.invokers.TestInvoker.invokeTestMethod(TestInvoker.java:221)
at org.testng.internal.invokers.MethodRunner.runInSequence(MethodRunner.java:50)
at org.testng.internal.invokers.TestInvoker$MethodInvocationAgent.invoke(TestInvoker.java:962)
at org.testng.internal.invokers.TestInvoker.invokeTestMethods(TestInvoker.java:194)
at org.testng.internal.invokers.TestMethodWorker.invokeTestMethods(TestMethodWorker.java:148)
at org.testng.internal.invokers.TestMethodWorker.run(TestMethodWorker.java:128)
at java.base/java.util.ArrayList.forEach(ArrayList.java:1511)
at org.testng.TestRunner.privateRun(TestRunner.java:806)
at org.testng.TestRunner.run(TestRunner.java:601)
at org.testng.SuiteRunner.runTest(SuiteRunner.java:433)
at org.testng.SuiteRunner.runSequentially(SuiteRunner.java:427)
at org.testng.SuiteRunner.privateRun(SuiteRunner.java:387)
at org.testng.SuiteRunner.run(SuiteRunner.java:330)
at org.testng.SuiteRunnerWorker.runSuite(SuiteRunnerWorker.java:52)
at org.testng.SuiteRunnerWorker.run(SuiteRunnerWorker.java:95)
at org.testng.TestNG.runSuitesSequentially(TestNG.java:1256)
at org.testng.TestNG.runSuitesLocally(TestNG.java:1176)
at org.testng.TestNG.runSuites(TestNG.java:1099)
at org.testng.TestNG.run(TestNG.java:1067)
at org.apache.maven.surefire.testng.TestNGExecutor.run(TestNGExecutor.java:283)
at org.apache.maven.surefire.testng.TestNGXmlTestSuite.execute(TestNGXmlTestSuite.java:75)
at org.apache.maven.surefire.testng.TestNGProvider.invoke(TestNGProvider.java:120)
at org.apache.maven.surefire.booter.ForkedBooter.invokeProviderInSameClassLoader(ForkedBooter.java:386)
at org.apache.maven.surefire.booter.ForkedBooter.runSuitesInProcess(ForkedBooter.java:323)
at org.apache.maven.surefire.booter.ForkedBooter.main(ForkedBooter.java:143)
]]>
            </full-stacktrace>
          </exception> <!-- java.lang.NullPointerException -->
          <reporter-output>
          </reporter-output>
        </test-method> <!-- Verify_Cancel_UpdateEmail -->
        <test-method signature="Verify_function_of_Cancel_pop()[pri:4, instance:com.qa.BDO.Test.BDO_ManageProfile_Testcases@794b435f]" started-at="2023-02-14T20:52:42 IST" name="Verify_function_of_Cancel_pop" finished-at="2023-02-14T20:52:42 IST" duration-ms="1" status="FAIL">
          <exception class="java.lang.NullPointerException">
            <message>
              <![CDATA[Cannot invoke "com.qa.BDO.pages.BDO_ManageProfile.VerifyCancel_Email_popup_appears()" because "this.profile" is null]]>
            </message>
            <full-stacktrace>
              <![CDATA[java.lang.NullPointerException: Cannot invoke "com.qa.BDO.pages.BDO_ManageProfile.VerifyCancel_Email_popup_appears()" because "this.profile" is null
at com.qa.BDO.Test.BDO_ManageProfile_Testcases.Verify_function_of_Cancel_pop(BDO_ManageProfile_Testcases.java:62)
at java.base/jdk.internal.reflect.DirectMethodHandleAccessor.invoke(DirectMethodHandleAccessor.java:104)
at java.base/java.lang.reflect.Method.invoke(Method.java:578)
at org.testng.internal.invokers.MethodInvocationHelper.invokeMethod(MethodInvocationHelper.java:139)
at org.testng.internal.invokers.TestInvoker.invokeMethod(TestInvoker.java:677)
at org.testng.internal.invokers.TestInvoker.invokeTestMethod(TestInvoker.java:221)
at org.testng.internal.invokers.MethodRunner.runInSequence(MethodRunner.java:50)
at org.testng.internal.invokers.TestInvoker$MethodInvocationAgent.invoke(TestInvoker.java:962)
at org.testng.internal.invokers.TestInvoker.invokeTestMethods(TestInvoker.java:194)
at org.testng.internal.invokers.TestMethodWorker.invokeTestMethods(TestMethodWorker.java:148)
at org.testng.internal.invokers.TestMethodWorker.run(TestMethodWorker.java:128)
at java.base/java.util.ArrayList.forEach(ArrayList.java:1511)
at org.testng.TestRunner.privateRun(TestRunner.java:806)
at org.testng.TestRunner.run(TestRunner.java:601)
at org.testng.SuiteRunner.runTest(SuiteRunner.java:433)
at org.testng.SuiteRunner.runSequentially(SuiteRunner.java:427)
at org.testng.SuiteRunner.privateRun(SuiteRunner.java:387)
at org.testng.SuiteRunner.run(SuiteRunner.java:330)
at org.testng.SuiteRunnerWorker.runSuite(SuiteRunnerWorker.java:52)
at org.testng.SuiteRunnerWorker.run(SuiteRunnerWorker.java:95)
at org.testng.TestNG.runSuitesSequentially(TestNG.java:1256)
at org.testng.TestNG.runSuitesLocally(TestNG.java:1176)
at org.testng.TestNG.runSuites(TestNG.java:1099)
at org.testng.TestNG.run(TestNG.java:1067)
at org.apache.maven.surefire.testng.TestNGExecutor.run(TestNGExecutor.java:283)
at org.apache.maven.surefire.testng.TestNGXmlTestSuite.execute(TestNGXmlTestSuite.java:75)
at org.apache.maven.surefire.testng.TestNGProvider.invoke(TestNGProvider.java:120)
at org.apache.maven.surefire.booter.ForkedBooter.invokeProviderInSameClassLoader(ForkedBooter.java:386)
at org.apache.maven.surefire.booter.ForkedBooter.runSuitesInProcess(ForkedBooter.java:323)
at org.apache.maven.surefire.booter.ForkedBooter.main(ForkedBooter.java:143)
]]>
            </full-stacktrace>
          </exception> <!-- java.lang.NullPointerException -->
          <reporter-output>
          </reporter-output>
        </test-method> <!-- Verify_function_of_Cancel_pop -->
        <test-method signature="Reset_User_profile_details()[pri:7, instance:com.qa.BDO.Test.BDO_ManageProfile_Testcases@794b435f]" started-at="2023-02-14T20:52:42 IST" name="Reset_User_profile_details" finished-at="2023-02-14T20:52:44 IST" duration-ms="2196" status="PASS">
          <reporter-output>
          </reporter-output>
        </test-method> <!-- Reset_User_profile_details -->
        <test-method is-config="true" signature="tearDown()[pri:0, instance:com.qa.BDO.Test.BDO_ManageProfile_Testcases@794b435f]" started-at="2023-02-14T20:52:44 IST" name="tearDown" finished-at="2023-02-14T20:52:44 IST" duration-ms="29" status="PASS">
          <reporter-output>
          </reporter-output>
        </test-method> <!-- tearDown -->
      </class> <!-- com.qa.BDO.Test.BDO_ManageProfile_Testcases -->
    </test> <!-- BDO_ManageProfile_Testcase -->
  </suite> <!-- BDO_Web_Regression_suite -->
</testng-results>
