-------------------------------------------------------------------------------
Test set: TestSuite
-------------------------------------------------------------------------------
Tests run: 14, Failures: 13, Errors: 0, Skipped: 0, Time elapsed: 315.355 s <<< FAILURE! - in TestSuite
ValidateHomePageElements(com.qa.BDO.Test.BDO_Home_Testcases)  Time elapsed: 30.153 s  <<< FAILURE!
com.microsoft.playwright.TimeoutError: 
Error {
  message='Timeout 30000ms exceeded.
=========================== logs ===========================
waiting for locator("xpath=(//div[@class='bb-stack__item identity-logo bb-block bb-block--lg'])[1]")
============================================================
  name='TimeoutError
  stack='TimeoutError: Timeout 30000ms exceeded.
=========================== logs ===========================
waiting for locator("xpath=(//div[@class='bb-stack__item identity-logo bb-block bb-block--lg'])[1]")
============================================================
    at ProgressController.run (/private/var/folders/70/x874lf6n7cx_4tkvkkcwsmhh0000gr/T/playwright-java-12462135675554687972/package/lib/server/progress.js:88:26)
    at Frame._scheduleRerunnableTask (/private/var/folders/70/x874lf6n7cx_4tkvkkcwsmhh0000gr/T/playwright-java-12462135675554687972/package/lib/server/frames.js:1282:23)
    at Frame._elementState (/private/var/folders/70/x874lf6n7cx_4tkvkkcwsmhh0000gr/T/playwright-java-12462135675554687972/package/lib/server/frames.js:1053:31)
    at Frame.isEnabled (/private/var/folders/70/x874lf6n7cx_4tkvkkcwsmhh0000gr/T/playwright-java-12462135675554687972/package/lib/server/frames.js:1089:17)
    at FrameDispatcher.isEnabled (/private/var/folders/70/x874lf6n7cx_4tkvkkcwsmhh0000gr/T/playwright-java-12462135675554687972/package/lib/server/dispatchers/frameDispatcher.js:211:32)
    at DispatcherConnection.dispatch (/private/var/folders/70/x874lf6n7cx_4tkvkkcwsmhh0000gr/T/playwright-java-12462135675554687972/package/lib/server/dispatchers/dispatcher.js:317:46)
}
	at com.qa.BDO.Test.BDO_Home_Testcases.ValidateHomePageElements(BDO_Home_Testcases.java:20)
Caused by: com.microsoft.playwright.TimeoutError: 
Error {
  message='Timeout 30000ms exceeded.
=========================== logs ===========================
waiting for locator("xpath=(//div[@class='bb-stack__item identity-logo bb-block bb-block--lg'])[1]")
============================================================
  name='TimeoutError
  stack='TimeoutError: Timeout 30000ms exceeded.
=========================== logs ===========================
waiting for locator("xpath=(//div[@class='bb-stack__item identity-logo bb-block bb-block--lg'])[1]")
============================================================
    at ProgressController.run (/private/var/folders/70/x874lf6n7cx_4tkvkkcwsmhh0000gr/T/playwright-java-12462135675554687972/package/lib/server/progress.js:88:26)
    at Frame._scheduleRerunnableTask (/private/var/folders/70/x874lf6n7cx_4tkvkkcwsmhh0000gr/T/playwright-java-12462135675554687972/package/lib/server/frames.js:1282:23)
    at Frame._elementState (/private/var/folders/70/x874lf6n7cx_4tkvkkcwsmhh0000gr/T/playwright-java-12462135675554687972/package/lib/server/frames.js:1053:31)
    at Frame.isEnabled (/private/var/folders/70/x874lf6n7cx_4tkvkkcwsmhh0000gr/T/playwright-java-12462135675554687972/package/lib/server/frames.js:1089:17)
    at FrameDispatcher.isEnabled (/private/var/folders/70/x874lf6n7cx_4tkvkkcwsmhh0000gr/T/playwright-java-12462135675554687972/package/lib/server/dispatchers/frameDispatcher.js:211:32)
    at DispatcherConnection.dispatch (/private/var/folders/70/x874lf6n7cx_4tkvkkcwsmhh0000gr/T/playwright-java-12462135675554687972/package/lib/server/dispatchers/dispatcher.js:317:46)
}
	at com.qa.BDO.Test.BDO_Home_Testcases.ValidateHomePageElements(BDO_Home_Testcases.java:20)

VerifyLoginCredentials(com.qa.BDO.Test.BDO_Login_Testcases)  Time elapsed: 30.013 s  <<< FAILURE!
com.microsoft.playwright.TimeoutError: 
Error {
  message='Timeout 30000ms exceeded.
=========================== logs ===========================
waiting for locator("input#username")
============================================================
  name='TimeoutError
  stack='TimeoutError: Timeout 30000ms exceeded.
=========================== logs ===========================
waiting for locator("input#username")
============================================================
    at ProgressController.run (/private/var/folders/70/x874lf6n7cx_4tkvkkcwsmhh0000gr/T/playwright-java-12462135675554687972/package/lib/server/progress.js:88:26)
    at Frame.fill (/private/var/folders/70/x874lf6n7cx_4tkvkkcwsmhh0000gr/T/playwright-java-12462135675554687972/package/lib/server/frames.js:988:23)
    at FrameDispatcher.fill (/private/var/folders/70/x874lf6n7cx_4tkvkkcwsmhh0000gr/T/playwright-java-12462135675554687972/package/lib/server/dispatchers/frameDispatcher.js:158:30)
    at DispatcherConnection.dispatch (/private/var/folders/70/x874lf6n7cx_4tkvkkcwsmhh0000gr/T/playwright-java-12462135675554687972/package/lib/server/dispatchers/dispatcher.js:317:46)
}
	at com.qa.BDO.Test.BDO_Login_Testcases.VerifyLoginCredentials(BDO_Login_Testcases.java:34)
Caused by: com.microsoft.playwright.TimeoutError: 
Error {
  message='Timeout 30000ms exceeded.
=========================== logs ===========================
waiting for locator("input#username")
============================================================
  name='TimeoutError
  stack='TimeoutError: Timeout 30000ms exceeded.
=========================== logs ===========================
waiting for locator("input#username")
============================================================
    at ProgressController.run (/private/var/folders/70/x874lf6n7cx_4tkvkkcwsmhh0000gr/T/playwright-java-12462135675554687972/package/lib/server/progress.js:88:26)
    at Frame.fill (/private/var/folders/70/x874lf6n7cx_4tkvkkcwsmhh0000gr/T/playwright-java-12462135675554687972/package/lib/server/frames.js:988:23)
    at FrameDispatcher.fill (/private/var/folders/70/x874lf6n7cx_4tkvkkcwsmhh0000gr/T/playwright-java-12462135675554687972/package/lib/server/dispatchers/frameDispatcher.js:158:30)
    at DispatcherConnection.dispatch (/private/var/folders/70/x874lf6n7cx_4tkvkkcwsmhh0000gr/T/playwright-java-12462135675554687972/package/lib/server/dispatchers/dispatcher.js:317:46)
}
	at com.qa.BDO.Test.BDO_Login_Testcases.VerifyLoginCredentials(BDO_Login_Testcases.java:34)

VerifyLoginCredentials(com.qa.BDO.Test.BDO_Login_Testcases)  Time elapsed: 30.02 s  <<< FAILURE!
com.microsoft.playwright.TimeoutError: 
Error {
  message='Timeout 30000ms exceeded.
=========================== logs ===========================
waiting for locator("input#username")
============================================================
  name='TimeoutError
  stack='TimeoutError: Timeout 30000ms exceeded.
=========================== logs ===========================
waiting for locator("input#username")
============================================================
    at ProgressController.run (/private/var/folders/70/x874lf6n7cx_4tkvkkcwsmhh0000gr/T/playwright-java-12462135675554687972/package/lib/server/progress.js:88:26)
    at Frame.fill (/private/var/folders/70/x874lf6n7cx_4tkvkkcwsmhh0000gr/T/playwright-java-12462135675554687972/package/lib/server/frames.js:988:23)
    at FrameDispatcher.fill (/private/var/folders/70/x874lf6n7cx_4tkvkkcwsmhh0000gr/T/playwright-java-12462135675554687972/package/lib/server/dispatchers/frameDispatcher.js:158:30)
    at DispatcherConnection.dispatch (/private/var/folders/70/x874lf6n7cx_4tkvkkcwsmhh0000gr/T/playwright-java-12462135675554687972/package/lib/server/dispatchers/dispatcher.js:317:46)
}
	at com.qa.BDO.Test.BDO_Login_Testcases.VerifyLoginCredentials(BDO_Login_Testcases.java:34)
Caused by: com.microsoft.playwright.TimeoutError: 
Error {
  message='Timeout 30000ms exceeded.
=========================== logs ===========================
waiting for locator("input#username")
============================================================
  name='TimeoutError
  stack='TimeoutError: Timeout 30000ms exceeded.
=========================== logs ===========================
waiting for locator("input#username")
============================================================
    at ProgressController.run (/private/var/folders/70/x874lf6n7cx_4tkvkkcwsmhh0000gr/T/playwright-java-12462135675554687972/package/lib/server/progress.js:88:26)
    at Frame.fill (/private/var/folders/70/x874lf6n7cx_4tkvkkcwsmhh0000gr/T/playwright-java-12462135675554687972/package/lib/server/frames.js:988:23)
    at FrameDispatcher.fill (/private/var/folders/70/x874lf6n7cx_4tkvkkcwsmhh0000gr/T/playwright-java-12462135675554687972/package/lib/server/dispatchers/frameDispatcher.js:158:30)
    at DispatcherConnection.dispatch (/private/var/folders/70/x874lf6n7cx_4tkvkkcwsmhh0000gr/T/playwright-java-12462135675554687972/package/lib/server/dispatchers/dispatcher.js:317:46)
}
	at com.qa.BDO.Test.BDO_Login_Testcases.VerifyLoginCredentials(BDO_Login_Testcases.java:34)

VerifyLoginCredentials(com.qa.BDO.Test.BDO_Login_Testcases)  Time elapsed: 30.02 s  <<< FAILURE!
com.microsoft.playwright.TimeoutError: 
Error {
  message='Timeout 30000ms exceeded.
=========================== logs ===========================
waiting for locator("input#username")
============================================================
  name='TimeoutError
  stack='TimeoutError: Timeout 30000ms exceeded.
=========================== logs ===========================
waiting for locator("input#username")
============================================================
    at ProgressController.run (/private/var/folders/70/x874lf6n7cx_4tkvkkcwsmhh0000gr/T/playwright-java-12462135675554687972/package/lib/server/progress.js:88:26)
    at Frame.fill (/private/var/folders/70/x874lf6n7cx_4tkvkkcwsmhh0000gr/T/playwright-java-12462135675554687972/package/lib/server/frames.js:988:23)
    at FrameDispatcher.fill (/private/var/folders/70/x874lf6n7cx_4tkvkkcwsmhh0000gr/T/playwright-java-12462135675554687972/package/lib/server/dispatchers/frameDispatcher.js:158:30)
    at DispatcherConnection.dispatch (/private/var/folders/70/x874lf6n7cx_4tkvkkcwsmhh0000gr/T/playwright-java-12462135675554687972/package/lib/server/dispatchers/dispatcher.js:317:46)
}
	at com.qa.BDO.Test.BDO_Login_Testcases.VerifyLoginCredentials(BDO_Login_Testcases.java:34)
Caused by: com.microsoft.playwright.TimeoutError: 
Error {
  message='Timeout 30000ms exceeded.
=========================== logs ===========================
waiting for locator("input#username")
============================================================
  name='TimeoutError
  stack='TimeoutError: Timeout 30000ms exceeded.
=========================== logs ===========================
waiting for locator("input#username")
============================================================
    at ProgressController.run (/private/var/folders/70/x874lf6n7cx_4tkvkkcwsmhh0000gr/T/playwright-java-12462135675554687972/package/lib/server/progress.js:88:26)
    at Frame.fill (/private/var/folders/70/x874lf6n7cx_4tkvkkcwsmhh0000gr/T/playwright-java-12462135675554687972/package/lib/server/frames.js:988:23)
    at FrameDispatcher.fill (/private/var/folders/70/x874lf6n7cx_4tkvkkcwsmhh0000gr/T/playwright-java-12462135675554687972/package/lib/server/dispatchers/frameDispatcher.js:158:30)
    at DispatcherConnection.dispatch (/private/var/folders/70/x874lf6n7cx_4tkvkkcwsmhh0000gr/T/playwright-java-12462135675554687972/package/lib/server/dispatchers/dispatcher.js:317:46)
}
	at com.qa.BDO.Test.BDO_Login_Testcases.VerifyLoginCredentials(BDO_Login_Testcases.java:34)

VerifyLoginCredentials(com.qa.BDO.Test.BDO_Login_Testcases)  Time elapsed: 30.01 s  <<< FAILURE!
com.microsoft.playwright.TimeoutError: 
Error {
  message='Timeout 30000ms exceeded.
=========================== logs ===========================
waiting for locator("input#username")
============================================================
  name='TimeoutError
  stack='TimeoutError: Timeout 30000ms exceeded.
=========================== logs ===========================
waiting for locator("input#username")
============================================================
    at ProgressController.run (/private/var/folders/70/x874lf6n7cx_4tkvkkcwsmhh0000gr/T/playwright-java-12462135675554687972/package/lib/server/progress.js:88:26)
    at Frame.fill (/private/var/folders/70/x874lf6n7cx_4tkvkkcwsmhh0000gr/T/playwright-java-12462135675554687972/package/lib/server/frames.js:988:23)
    at FrameDispatcher.fill (/private/var/folders/70/x874lf6n7cx_4tkvkkcwsmhh0000gr/T/playwright-java-12462135675554687972/package/lib/server/dispatchers/frameDispatcher.js:158:30)
    at DispatcherConnection.dispatch (/private/var/folders/70/x874lf6n7cx_4tkvkkcwsmhh0000gr/T/playwright-java-12462135675554687972/package/lib/server/dispatchers/dispatcher.js:317:46)
}
	at com.qa.BDO.Test.BDO_Login_Testcases.VerifyLoginCredentials(BDO_Login_Testcases.java:34)
Caused by: com.microsoft.playwright.TimeoutError: 
Error {
  message='Timeout 30000ms exceeded.
=========================== logs ===========================
waiting for locator("input#username")
============================================================
  name='TimeoutError
  stack='TimeoutError: Timeout 30000ms exceeded.
=========================== logs ===========================
waiting for locator("input#username")
============================================================
    at ProgressController.run (/private/var/folders/70/x874lf6n7cx_4tkvkkcwsmhh0000gr/T/playwright-java-12462135675554687972/package/lib/server/progress.js:88:26)
    at Frame.fill (/private/var/folders/70/x874lf6n7cx_4tkvkkcwsmhh0000gr/T/playwright-java-12462135675554687972/package/lib/server/frames.js:988:23)
    at FrameDispatcher.fill (/private/var/folders/70/x874lf6n7cx_4tkvkkcwsmhh0000gr/T/playwright-java-12462135675554687972/package/lib/server/dispatchers/frameDispatcher.js:158:30)
    at DispatcherConnection.dispatch (/private/var/folders/70/x874lf6n7cx_4tkvkkcwsmhh0000gr/T/playwright-java-12462135675554687972/package/lib/server/dispatchers/dispatcher.js:317:46)
}
	at com.qa.BDO.Test.BDO_Login_Testcases.VerifyLoginCredentials(BDO_Login_Testcases.java:34)

VerifyLoginCredentials(com.qa.BDO.Test.BDO_Login_Testcases)  Time elapsed: 30.009 s  <<< FAILURE!
com.microsoft.playwright.TimeoutError: 
Error {
  message='Timeout 30000ms exceeded.
=========================== logs ===========================
waiting for locator("input#username")
============================================================
  name='TimeoutError
  stack='TimeoutError: Timeout 30000ms exceeded.
=========================== logs ===========================
waiting for locator("input#username")
============================================================
    at ProgressController.run (/private/var/folders/70/x874lf6n7cx_4tkvkkcwsmhh0000gr/T/playwright-java-12462135675554687972/package/lib/server/progress.js:88:26)
    at Frame.fill (/private/var/folders/70/x874lf6n7cx_4tkvkkcwsmhh0000gr/T/playwright-java-12462135675554687972/package/lib/server/frames.js:988:23)
    at FrameDispatcher.fill (/private/var/folders/70/x874lf6n7cx_4tkvkkcwsmhh0000gr/T/playwright-java-12462135675554687972/package/lib/server/dispatchers/frameDispatcher.js:158:30)
    at DispatcherConnection.dispatch (/private/var/folders/70/x874lf6n7cx_4tkvkkcwsmhh0000gr/T/playwright-java-12462135675554687972/package/lib/server/dispatchers/dispatcher.js:317:46)
}
	at com.qa.BDO.Test.BDO_Login_Testcases.VerifyLoginCredentials(BDO_Login_Testcases.java:34)
Caused by: com.microsoft.playwright.TimeoutError: 
Error {
  message='Timeout 30000ms exceeded.
=========================== logs ===========================
waiting for locator("input#username")
============================================================
  name='TimeoutError
  stack='TimeoutError: Timeout 30000ms exceeded.
=========================== logs ===========================
waiting for locator("input#username")
============================================================
    at ProgressController.run (/private/var/folders/70/x874lf6n7cx_4tkvkkcwsmhh0000gr/T/playwright-java-12462135675554687972/package/lib/server/progress.js:88:26)
    at Frame.fill (/private/var/folders/70/x874lf6n7cx_4tkvkkcwsmhh0000gr/T/playwright-java-12462135675554687972/package/lib/server/frames.js:988:23)
    at FrameDispatcher.fill (/private/var/folders/70/x874lf6n7cx_4tkvkkcwsmhh0000gr/T/playwright-java-12462135675554687972/package/lib/server/dispatchers/frameDispatcher.js:158:30)
    at DispatcherConnection.dispatch (/private/var/folders/70/x874lf6n7cx_4tkvkkcwsmhh0000gr/T/playwright-java-12462135675554687972/package/lib/server/dispatchers/dispatcher.js:317:46)
}
	at com.qa.BDO.Test.BDO_Login_Testcases.VerifyLoginCredentials(BDO_Login_Testcases.java:34)

LoginAttemptExhausted(com.qa.BDO.Test.BDO_Login_Testcases)  Time elapsed: 30.009 s  <<< FAILURE!
com.microsoft.playwright.TimeoutError: 
Error {
  message='Timeout 30000ms exceeded.
=========================== logs ===========================
waiting for locator("input#username")
============================================================
  name='TimeoutError
  stack='TimeoutError: Timeout 30000ms exceeded.
=========================== logs ===========================
waiting for locator("input#username")
============================================================
    at ProgressController.run (/private/var/folders/70/x874lf6n7cx_4tkvkkcwsmhh0000gr/T/playwright-java-12462135675554687972/package/lib/server/progress.js:88:26)
    at Frame.fill (/private/var/folders/70/x874lf6n7cx_4tkvkkcwsmhh0000gr/T/playwright-java-12462135675554687972/package/lib/server/frames.js:988:23)
    at FrameDispatcher.fill (/private/var/folders/70/x874lf6n7cx_4tkvkkcwsmhh0000gr/T/playwright-java-12462135675554687972/package/lib/server/dispatchers/frameDispatcher.js:158:30)
    at DispatcherConnection.dispatch (/private/var/folders/70/x874lf6n7cx_4tkvkkcwsmhh0000gr/T/playwright-java-12462135675554687972/package/lib/server/dispatchers/dispatcher.js:317:46)
}
	at com.qa.BDO.Test.BDO_Login_Testcases.LoginAttemptExhausted(BDO_Login_Testcases.java:21)
Caused by: com.microsoft.playwright.TimeoutError: 
Error {
  message='Timeout 30000ms exceeded.
=========================== logs ===========================
waiting for locator("input#username")
============================================================
  name='TimeoutError
  stack='TimeoutError: Timeout 30000ms exceeded.
=========================== logs ===========================
waiting for locator("input#username")
============================================================
    at ProgressController.run (/private/var/folders/70/x874lf6n7cx_4tkvkkcwsmhh0000gr/T/playwright-java-12462135675554687972/package/lib/server/progress.js:88:26)
    at Frame.fill (/private/var/folders/70/x874lf6n7cx_4tkvkkcwsmhh0000gr/T/playwright-java-12462135675554687972/package/lib/server/frames.js:988:23)
    at FrameDispatcher.fill (/private/var/folders/70/x874lf6n7cx_4tkvkkcwsmhh0000gr/T/playwright-java-12462135675554687972/package/lib/server/dispatchers/frameDispatcher.js:158:30)
    at DispatcherConnection.dispatch (/private/var/folders/70/x874lf6n7cx_4tkvkkcwsmhh0000gr/T/playwright-java-12462135675554687972/package/lib/server/dispatchers/dispatcher.js:317:46)
}
	at com.qa.BDO.Test.BDO_Login_Testcases.LoginAttemptExhausted(BDO_Login_Testcases.java:21)

VaildateSuccessfullogin(com.qa.BDO.Test.BDO_Login_Testcases)  Time elapsed: 30.009 s  <<< FAILURE!
com.microsoft.playwright.TimeoutError: 
Error {
  message='Timeout 30000ms exceeded.
=========================== logs ===========================
waiting for locator("input#username")
============================================================
  name='TimeoutError
  stack='TimeoutError: Timeout 30000ms exceeded.
=========================== logs ===========================
waiting for locator("input#username")
============================================================
    at ProgressController.run (/private/var/folders/70/x874lf6n7cx_4tkvkkcwsmhh0000gr/T/playwright-java-12462135675554687972/package/lib/server/progress.js:88:26)
    at Frame.fill (/private/var/folders/70/x874lf6n7cx_4tkvkkcwsmhh0000gr/T/playwright-java-12462135675554687972/package/lib/server/frames.js:988:23)
    at FrameDispatcher.fill (/private/var/folders/70/x874lf6n7cx_4tkvkkcwsmhh0000gr/T/playwright-java-12462135675554687972/package/lib/server/dispatchers/frameDispatcher.js:158:30)
    at DispatcherConnection.dispatch (/private/var/folders/70/x874lf6n7cx_4tkvkkcwsmhh0000gr/T/playwright-java-12462135675554687972/package/lib/server/dispatchers/dispatcher.js:317:46)
}
	at com.qa.BDO.Test.BDO_Login_Testcases.VaildateSuccessfullogin(BDO_Login_Testcases.java:100)
Caused by: com.microsoft.playwright.TimeoutError: 
Error {
  message='Timeout 30000ms exceeded.
=========================== logs ===========================
waiting for locator("input#username")
============================================================
  name='TimeoutError
  stack='TimeoutError: Timeout 30000ms exceeded.
=========================== logs ===========================
waiting for locator("input#username")
============================================================
    at ProgressController.run (/private/var/folders/70/x874lf6n7cx_4tkvkkcwsmhh0000gr/T/playwright-java-12462135675554687972/package/lib/server/progress.js:88:26)
    at Frame.fill (/private/var/folders/70/x874lf6n7cx_4tkvkkcwsmhh0000gr/T/playwright-java-12462135675554687972/package/lib/server/frames.js:988:23)
    at FrameDispatcher.fill (/private/var/folders/70/x874lf6n7cx_4tkvkkcwsmhh0000gr/T/playwright-java-12462135675554687972/package/lib/server/dispatchers/frameDispatcher.js:158:30)
    at DispatcherConnection.dispatch (/private/var/folders/70/x874lf6n7cx_4tkvkkcwsmhh0000gr/T/playwright-java-12462135675554687972/package/lib/server/dispatchers/dispatcher.js:317:46)
}
	at com.qa.BDO.Test.BDO_Login_Testcases.VaildateSuccessfullogin(BDO_Login_Testcases.java:100)

NavigateToUpdateProfilePage(com.qa.BDO.Test.BDO_AccountSummary_Testcases)  Time elapsed: 30.007 s  <<< FAILURE!
com.microsoft.playwright.TimeoutError: 
Error {
  message='Timeout 30000ms exceeded.
=========================== logs ===========================
waiting for locator("input#username")
============================================================
  name='TimeoutError
  stack='TimeoutError: Timeout 30000ms exceeded.
=========================== logs ===========================
waiting for locator("input#username")
============================================================
    at ProgressController.run (/private/var/folders/70/x874lf6n7cx_4tkvkkcwsmhh0000gr/T/playwright-java-12462135675554687972/package/lib/server/progress.js:88:26)
    at Frame.fill (/private/var/folders/70/x874lf6n7cx_4tkvkkcwsmhh0000gr/T/playwright-java-12462135675554687972/package/lib/server/frames.js:988:23)
    at FrameDispatcher.fill (/private/var/folders/70/x874lf6n7cx_4tkvkkcwsmhh0000gr/T/playwright-java-12462135675554687972/package/lib/server/dispatchers/frameDispatcher.js:158:30)
    at DispatcherConnection.dispatch (/private/var/folders/70/x874lf6n7cx_4tkvkkcwsmhh0000gr/T/playwright-java-12462135675554687972/package/lib/server/dispatchers/dispatcher.js:317:46)
}
	at com.qa.BDO.Test.BDO_AccountSummary_Testcases.NavigateToUpdateProfilePage(BDO_AccountSummary_Testcases.java:14)
Caused by: com.microsoft.playwright.TimeoutError: 
Error {
  message='Timeout 30000ms exceeded.
=========================== logs ===========================
waiting for locator("input#username")
============================================================
  name='TimeoutError
  stack='TimeoutError: Timeout 30000ms exceeded.
=========================== logs ===========================
waiting for locator("input#username")
============================================================
    at ProgressController.run (/private/var/folders/70/x874lf6n7cx_4tkvkkcwsmhh0000gr/T/playwright-java-12462135675554687972/package/lib/server/progress.js:88:26)
    at Frame.fill (/private/var/folders/70/x874lf6n7cx_4tkvkkcwsmhh0000gr/T/playwright-java-12462135675554687972/package/lib/server/frames.js:988:23)
    at FrameDispatcher.fill (/private/var/folders/70/x874lf6n7cx_4tkvkkcwsmhh0000gr/T/playwright-java-12462135675554687972/package/lib/server/dispatchers/frameDispatcher.js:158:30)
    at DispatcherConnection.dispatch (/private/var/folders/70/x874lf6n7cx_4tkvkkcwsmhh0000gr/T/playwright-java-12462135675554687972/package/lib/server/dispatchers/dispatcher.js:317:46)
}
	at com.qa.BDO.Test.BDO_AccountSummary_Testcases.NavigateToUpdateProfilePage(BDO_AccountSummary_Testcases.java:14)

NavigateToManageProfile(com.qa.BDO.Test.BDO_ManageProfile_Testcases)  Time elapsed: 30.007 s  <<< FAILURE!
com.microsoft.playwright.TimeoutError: 
Error {
  message='Timeout 30000ms exceeded.
=========================== logs ===========================
waiting for locator("input#username")
============================================================
  name='TimeoutError
  stack='TimeoutError: Timeout 30000ms exceeded.
=========================== logs ===========================
waiting for locator("input#username")
============================================================
    at ProgressController.run (/private/var/folders/70/x874lf6n7cx_4tkvkkcwsmhh0000gr/T/playwright-java-12462135675554687972/package/lib/server/progress.js:88:26)
    at Frame.fill (/private/var/folders/70/x874lf6n7cx_4tkvkkcwsmhh0000gr/T/playwright-java-12462135675554687972/package/lib/server/frames.js:988:23)
    at FrameDispatcher.fill (/private/var/folders/70/x874lf6n7cx_4tkvkkcwsmhh0000gr/T/playwright-java-12462135675554687972/package/lib/server/dispatchers/frameDispatcher.js:158:30)
    at DispatcherConnection.dispatch (/private/var/folders/70/x874lf6n7cx_4tkvkkcwsmhh0000gr/T/playwright-java-12462135675554687972/package/lib/server/dispatchers/dispatcher.js:317:46)
}
	at com.qa.BDO.Test.BDO_ManageProfile_Testcases.NavigateToManageProfile(BDO_ManageProfile_Testcases.java:19)
Caused by: com.microsoft.playwright.TimeoutError: 
Error {
  message='Timeout 30000ms exceeded.
=========================== logs ===========================
waiting for locator("input#username")
============================================================
  name='TimeoutError
  stack='TimeoutError: Timeout 30000ms exceeded.
=========================== logs ===========================
waiting for locator("input#username")
============================================================
    at ProgressController.run (/private/var/folders/70/x874lf6n7cx_4tkvkkcwsmhh0000gr/T/playwright-java-12462135675554687972/package/lib/server/progress.js:88:26)
    at Frame.fill (/private/var/folders/70/x874lf6n7cx_4tkvkkcwsmhh0000gr/T/playwright-java-12462135675554687972/package/lib/server/frames.js:988:23)
    at FrameDispatcher.fill (/private/var/folders/70/x874lf6n7cx_4tkvkkcwsmhh0000gr/T/playwright-java-12462135675554687972/package/lib/server/dispatchers/frameDispatcher.js:158:30)
    at DispatcherConnection.dispatch (/private/var/folders/70/x874lf6n7cx_4tkvkkcwsmhh0000gr/T/playwright-java-12462135675554687972/package/lib/server/dispatchers/dispatcher.js:317:46)
}
	at com.qa.BDO.Test.BDO_ManageProfile_Testcases.NavigateToManageProfile(BDO_ManageProfile_Testcases.java:19)

Verify_Cancel_UpdateMobile(com.qa.BDO.Test.BDO_ManageProfile_Testcases)  Time elapsed: 0.007 s  <<< FAILURE!
java.lang.NullPointerException: Cannot invoke "com.qa.BDO.pages.BDO_ManageProfile.VerifyCancel_Mobile()" because "this.profile" is null
	at com.qa.BDO.Test.BDO_ManageProfile_Testcases.Verify_Cancel_UpdateMobile(BDO_ManageProfile_Testcases.java:46)

Verify_Cancel_UpdateEmail(com.qa.BDO.Test.BDO_ManageProfile_Testcases)  Time elapsed: 0.003 s  <<< FAILURE!
java.lang.NullPointerException: Cannot invoke "com.qa.BDO.pages.BDO_ManageProfile.VerifyCancel_Email()" because "this.profile" is null
	at com.qa.BDO.Test.BDO_ManageProfile_Testcases.Verify_Cancel_UpdateEmail(BDO_ManageProfile_Testcases.java:55)

Verify_function_of_Cancel_pop(com.qa.BDO.Test.BDO_ManageProfile_Testcases)  Time elapsed: 0.002 s  <<< FAILURE!
java.lang.NullPointerException: Cannot invoke "com.qa.BDO.pages.BDO_ManageProfile.VerifyCancel_Email_popup_appears()" because "this.profile" is null
	at com.qa.BDO.Test.BDO_ManageProfile_Testcases.Verify_function_of_Cancel_pop(BDO_ManageProfile_Testcases.java:62)

