<?xml version="1.0" encoding="UTF-8"?>
<testng-results ignored="0" total="1" passed="1" failed="0" skipped="0">
  <reporter-output>
  </reporter-output>
  <suite started-at="2023-02-14T16:30:32 IST" name="Default suite" finished-at="2023-02-14T16:30:39 IST" duration-ms="7417">
    <groups>
    </groups>
    <test started-at="2023-02-14T16:30:32 IST" name="Default test" finished-at="2023-02-14T16:30:39 IST" duration-ms="7417">
      <class name="com.qa.BDO.Test.BDO_Home_Testcases">
        <test-method is-config="true" signature="setup()[pri:0, instance:com.qa.BDO.Test.BDO_Home_Testcases@70325d20]" started-at="2023-02-14T16:30:32 IST" name="setup" finished-at="2023-02-14T16:30:36 IST" duration-ms="4134" status="PASS">
          <reporter-output>
          </reporter-output>
        </test-method> <!-- setup -->
        <test-method signature="ValidateHomePageElements()[pri:0, instance:com.qa.BDO.Test.BDO_Home_Testcases@70325d20]" started-at="2023-02-14T16:30:36 IST" name="ValidateHomePageElements" finished-at="2023-02-14T16:30:39 IST" duration-ms="2941" status="PASS">
          <reporter-output>
          </reporter-output>
        </test-method> <!-- ValidateHomePageElements -->
        <test-method is-config="true" signature="tearDown()[pri:0, instance:com.qa.BDO.Test.BDO_Home_Testcases@70325d20]" started-at="2023-02-14T16:30:39 IST" name="tearDown" finished-at="2023-02-14T16:30:39 IST" duration-ms="243" status="PASS">
          <reporter-output>
          </reporter-output>
        </test-method> <!-- tearDown -->
      </class> <!-- com.qa.BDO.Test.BDO_Home_Testcases -->
    </test> <!-- Default test -->
  </suite> <!-- Default suite -->
</testng-results>
