<?xml version="1.0" encoding="UTF-8"?>
<!-- Generated by org.testng.reporters.JUnitXMLReporter -->
<testsuite ignored="0" hostname="XE-GGN-IT-04936" failures="1" tests="1" name="BDO_Homepage_Testcase" time="35.172" errors="0" timestamp="2023-02-14T20:48:05 IST">
  <testcase classname="com.qa.BDO.Test.BDO_Home_Testcases" name="ValidateHomePageElements" time="30.066">
    <failure type="com.microsoft.playwright.TimeoutError" message="Error {
  message=&amp;apos;Timeout 30000ms exceeded.
=========================== logs ===========================
waiting for locator(&amp;quot;xpath=(//div[@class=&amp;apos;bb-stack__item identity-logo bb-block bb-block--lg&amp;apos;])[1]&amp;quot;)
============================================================
  name=&amp;apos;TimeoutError
  stack=&amp;apos;TimeoutError: Timeout 30000ms exceeded.
=========================== logs ===========================
waiting for locator(&amp;quot;xpath=(//div[@class=&amp;apos;bb-stack__item identity-logo bb-block bb-block--lg&amp;apos;])[1]&amp;quot;)
============================================================
    at ProgressController.run (/private/var/folders/70/x874lf6n7cx_4tkvkkcwsmhh0000gr/T/playwright-java-12462135675554687972/package/lib/server/progress.js:88:26)
    at Frame._scheduleRerunnableTask (/private/var/folders/70/x874lf6n7cx_4tkvkkcwsmhh0000gr/T/playwright-java-12462135675554687972/package/lib/server/frames.js:1282:23)
    at Frame._elementState (/private/var/folders/70/x874lf6n7cx_4tkvkkcwsmhh0000gr/T/playwright-java-12462135675554687972/package/lib/server/frames.js:1053:31)
    at Frame.isEnabled (/private/var/folders/70/x874lf6n7cx_4tkvkkcwsmhh0000gr/T/playwright-java-12462135675554687972/package/lib/server/frames.js:1089:17)
    at FrameDispatcher.isEnabled (/private/var/folders/70/x874lf6n7cx_4tkvkkcwsmhh0000gr/T/playwright-java-12462135675554687972/package/lib/server/dispatchers/frameDispatcher.js:211:32)
    at DispatcherConnection.dispatch (/private/var/folders/70/x874lf6n7cx_4tkvkkcwsmhh0000gr/T/playwright-java-12462135675554687972/package/lib/server/dispatchers/dispatcher.js:317:46)
}">
      <![CDATA[com.microsoft.playwright.TimeoutError: Error {
  message='Timeout 30000ms exceeded.
=========================== logs ===========================
waiting for locator("xpath=(//div[@class='bb-stack__item identity-logo bb-block bb-block--lg'])[1]")
============================================================
  name='TimeoutError
  stack='TimeoutError: Timeout 30000ms exceeded.
=========================== logs ===========================
waiting for locator("xpath=(//div[@class='bb-stack__item identity-logo bb-block bb-block--lg'])[1]")
============================================================
    at ProgressController.run (/private/var/folders/70/x874lf6n7cx_4tkvkkcwsmhh0000gr/T/playwright-java-12462135675554687972/package/lib/server/progress.js:88:26)
    at Frame._scheduleRerunnableTask (/private/var/folders/70/x874lf6n7cx_4tkvkkcwsmhh0000gr/T/playwright-java-12462135675554687972/package/lib/server/frames.js:1282:23)
    at Frame._elementState (/private/var/folders/70/x874lf6n7cx_4tkvkkcwsmhh0000gr/T/playwright-java-12462135675554687972/package/lib/server/frames.js:1053:31)
    at Frame.isEnabled (/private/var/folders/70/x874lf6n7cx_4tkvkkcwsmhh0000gr/T/playwright-java-12462135675554687972/package/lib/server/frames.js:1089:17)
    at FrameDispatcher.isEnabled (/private/var/folders/70/x874lf6n7cx_4tkvkkcwsmhh0000gr/T/playwright-java-12462135675554687972/package/lib/server/dispatchers/frameDispatcher.js:211:32)
    at DispatcherConnection.dispatch (/private/var/folders/70/x874lf6n7cx_4tkvkkcwsmhh0000gr/T/playwright-java-12462135675554687972/package/lib/server/dispatchers/dispatcher.js:317:46)
}
at com.microsoft.playwright.impl.WaitableResult.get(WaitableResult.java:52)
at com.microsoft.playwright.impl.ChannelOwner.runUntil(ChannelOwner.java:111)
at com.microsoft.playwright.impl.Connection.sendMessage(Connection.java:119)
at com.microsoft.playwright.impl.ChannelOwner.sendMessage(ChannelOwner.java:102)
at com.microsoft.playwright.impl.FrameImpl.isEnabledImpl(FrameImpl.java:605)
at com.microsoft.playwright.impl.FrameImpl.lambda$isEnabled$28(FrameImpl.java:596)
at com.microsoft.playwright.impl.LoggingSupport.withLogging(LoggingSupport.java:47)
at com.microsoft.playwright.impl.ChannelOwner.withLogging(ChannelOwner.java:87)
at com.microsoft.playwright.impl.FrameImpl.isEnabled(FrameImpl.java:596)
at com.microsoft.playwright.impl.LocatorImpl.isEnabled(LocatorImpl.java:342)
at com.microsoft.playwright.Locator.isEnabled(Locator.java:2970)
at com.qa.BDO.pages.BDO_Home.verifyLogo(BDO_Home.java:40)
at com.qa.BDO.Test.BDO_Home_Testcases.ValidateHomePageElements(BDO_Home_Testcases.java:20)
at java.base/java.util.ArrayList.forEach(ArrayList.java:1511)
Caused by: com.microsoft.playwright.TimeoutError: Error {
  message='Timeout 30000ms exceeded.
=========================== logs ===========================
waiting for locator("xpath=(//div[@class='bb-stack__item identity-logo bb-block bb-block--lg'])[1]")
============================================================
  name='TimeoutError
  stack='TimeoutError: Timeout 30000ms exceeded.
=========================== logs ===========================
waiting for locator("xpath=(//div[@class='bb-stack__item identity-logo bb-block bb-block--lg'])[1]")
============================================================
    at ProgressController.run (/private/var/folders/70/x874lf6n7cx_4tkvkkcwsmhh0000gr/T/playwright-java-12462135675554687972/package/lib/server/progress.js:88:26)
    at Frame._scheduleRerunnableTask (/private/var/folders/70/x874lf6n7cx_4tkvkkcwsmhh0000gr/T/playwright-java-12462135675554687972/package/lib/server/frames.js:1282:23)
    at Frame._elementState (/private/var/folders/70/x874lf6n7cx_4tkvkkcwsmhh0000gr/T/playwright-java-12462135675554687972/package/lib/server/frames.js:1053:31)
    at Frame.isEnabled (/private/var/folders/70/x874lf6n7cx_4tkvkkcwsmhh0000gr/T/playwright-java-12462135675554687972/package/lib/server/frames.js:1089:17)
    at FrameDispatcher.isEnabled (/private/var/folders/70/x874lf6n7cx_4tkvkkcwsmhh0000gr/T/playwright-java-12462135675554687972/package/lib/server/dispatchers/frameDispatcher.js:211:32)
    at DispatcherConnection.dispatch (/private/var/folders/70/x874lf6n7cx_4tkvkkcwsmhh0000gr/T/playwright-java-12462135675554687972/package/lib/server/dispatchers/dispatcher.js:317:46)
}
at com.microsoft.playwright.impl.Connection.dispatch(Connection.java:199)
at com.microsoft.playwright.impl.Connection.processOneMessage(Connection.java:181)
at com.microsoft.playwright.impl.ChannelOwner.runUntil(ChannelOwner.java:109)
... 40 more
... Removed 28 stack frames]]>
    </failure>
  </testcase> <!-- ValidateHomePageElements -->
</testsuite> <!-- BDO_Homepage_Testcase -->
